Determining if the function crc32c_value exists in the crc32c failed with the following output:
Change Dir: /home/wyf/Desktop/wyf_vs/leveldb/CMakeFiles/CMakeTmp

Run Build Command:"/usr/bin/make" "cmTC_c1d0e/fast"
/usr/bin/make -f CMakeFiles/cmTC_c1d0e.dir/build.make CMakeFiles/cmTC_c1d0e.dir/build
make[1]: 进入目录“/home/wyf/Desktop/wyf_vs/leveldb/CMakeFiles/CMakeTmp”
Building C object CMakeFiles/cmTC_c1d0e.dir/CheckFunctionExists.c.o
/usr/bin/cc   -DCHECK_FUNCTION_EXISTS=crc32c_value   -std=c11 -o CMakeFiles/cmTC_c1d0e.dir/CheckFunctionExists.c.o   -c /usr/share/cmake-3.10/Modules/CheckFunctionExists.c
Linking C executable cmTC_c1d0e
/usr/bin/cmake -E cmake_link_script CMakeFiles/cmTC_c1d0e.dir/link.txt --verbose=1
/usr/bin/cc  -DCHECK_FUNCTION_EXISTS=crc32c_value    CMakeFiles/cmTC_c1d0e.dir/CheckFunctionExists.c.o  -o cmTC_c1d0e -lcrc32c 
/usr/bin/ld: 找不到 -lcrc32c
collect2: error: ld returned 1 exit status
CMakeFiles/cmTC_c1d0e.dir/build.make:97: recipe for target 'cmTC_c1d0e' failed
make[1]: *** [cmTC_c1d0e] Error 1
make[1]: 离开目录“/home/wyf/Desktop/wyf_vs/leveldb/CMakeFiles/CMakeTmp”
Makefile:126: recipe for target 'cmTC_c1d0e/fast' failed
make: *** [cmTC_c1d0e/fast] Error 2


Determining if the function malloc exists in the tcmalloc failed with the following output:
Change Dir: /home/wyf/Desktop/wyf_vs/leveldb/CMakeFiles/CMakeTmp

Run Build Command:"/usr/bin/make" "cmTC_aacea/fast"
/usr/bin/make -f CMakeFiles/cmTC_aacea.dir/build.make CMakeFiles/cmTC_aacea.dir/build
make[1]: 进入目录“/home/wyf/Desktop/wyf_vs/leveldb/CMakeFiles/CMakeTmp”
Building C object CMakeFiles/cmTC_aacea.dir/CheckFunctionExists.c.o
/usr/bin/cc   -DCHECK_FUNCTION_EXISTS=malloc   -std=c11 -o CMakeFiles/cmTC_aacea.dir/CheckFunctionExists.c.o   -c /usr/share/cmake-3.10/Modules/CheckFunctionExists.c
<command-line>:0:23: warning: conflicting types for built-in function ‘malloc’ [-Wbuiltin-declaration-mismatch]
/usr/share/cmake-3.10/Modules/CheckFunctionExists.c:7:3: note: in expansion of macro ‘CHECK_FUNCTION_EXISTS’
   CHECK_FUNCTION_EXISTS(void);
   ^~~~~~~~~~~~~~~~~~~~~
Linking C executable cmTC_aacea
/usr/bin/cmake -E cmake_link_script CMakeFiles/cmTC_aacea.dir/link.txt --verbose=1
/usr/bin/cc  -DCHECK_FUNCTION_EXISTS=malloc    CMakeFiles/cmTC_aacea.dir/CheckFunctionExists.c.o  -o cmTC_aacea -ltcmalloc 
/usr/bin/ld: 找不到 -ltcmalloc
collect2: error: ld returned 1 exit status
CMakeFiles/cmTC_aacea.dir/build.make:97: recipe for target 'cmTC_aacea' failed
make[1]: *** [cmTC_aacea] Error 1
make[1]: 离开目录“/home/wyf/Desktop/wyf_vs/leveldb/CMakeFiles/CMakeTmp”
Makefile:126: recipe for target 'cmTC_aacea/fast' failed
make: *** [cmTC_aacea/fast] Error 2


Determining if the F_FULLFSYNC exist failed with the following output:
Change Dir: /home/wyf/Desktop/wyf_vs/leveldb/CMakeFiles/CMakeTmp

Run Build Command:"/usr/bin/make" "cmTC_de590/fast"
/usr/bin/make -f CMakeFiles/cmTC_de590.dir/build.make CMakeFiles/cmTC_de590.dir/build
make[1]: 进入目录“/home/wyf/Desktop/wyf_vs/leveldb/CMakeFiles/CMakeTmp”
Building CXX object CMakeFiles/cmTC_de590.dir/CheckSymbolExists.cxx.o
/usr/bin/c++    -std=c++11 -o CMakeFiles/cmTC_de590.dir/CheckSymbolExists.cxx.o -c /home/wyf/Desktop/wyf_vs/leveldb/CMakeFiles/CMakeTmp/CheckSymbolExists.cxx
/home/wyf/Desktop/wyf_vs/leveldb/CMakeFiles/CMakeTmp/CheckSymbolExists.cxx: In function ‘int main(int, char**)’:
/home/wyf/Desktop/wyf_vs/leveldb/CMakeFiles/CMakeTmp/CheckSymbolExists.cxx:8:19: error: ‘F_FULLFSYNC’ was not declared in this scope
   return ((int*)(&F_FULLFSYNC))[argc];
                   ^~~~~~~~~~~
/home/wyf/Desktop/wyf_vs/leveldb/CMakeFiles/CMakeTmp/CheckSymbolExists.cxx:8:19: note: suggested alternative: ‘O_FSYNC’
   return ((int*)(&F_FULLFSYNC))[argc];
                   ^~~~~~~~~~~
                   O_FSYNC
CMakeFiles/cmTC_de590.dir/build.make:65: recipe for target 'CMakeFiles/cmTC_de590.dir/CheckSymbolExists.cxx.o' failed
make[1]: *** [CMakeFiles/cmTC_de590.dir/CheckSymbolExists.cxx.o] Error 1
make[1]: 离开目录“/home/wyf/Desktop/wyf_vs/leveldb/CMakeFiles/CMakeTmp”
Makefile:126: recipe for target 'cmTC_de590/fast' failed
make: *** [cmTC_de590/fast] Error 2

File /home/wyf/Desktop/wyf_vs/leveldb/CMakeFiles/CMakeTmp/CheckSymbolExists.cxx:
/* */
#include <fcntl.h>

int main(int argc, char** argv)
{
  (void)argv;
#ifndef F_FULLFSYNC
  return ((int*)(&F_FULLFSYNC))[argc];
#else
  (void)argc;
  return 0;
#endif
}

Performing C++ SOURCE FILE Test HAVE_CLANG_THREAD_SAFETY failed with the following output:
Change Dir: /home/wyf/Desktop/wyf_vs/leveldb/CMakeFiles/CMakeTmp

Run Build Command:"/usr/bin/make" "cmTC_0d562/fast"
/usr/bin/make -f CMakeFiles/cmTC_0d562.dir/build.make CMakeFiles/cmTC_0d562.dir/build
make[1]: Entering directory '/home/wyf/Desktop/wyf_vs/leveldb/CMakeFiles/CMakeTmp'
Building CXX object CMakeFiles/cmTC_0d562.dir/src.cxx.o
/usr/bin/c++    -fno-exceptions -fno-rtti -DHAVE_CLANG_THREAD_SAFETY   -Wthread-safety -std=c++11 -o CMakeFiles/cmTC_0d562.dir/src.cxx.o -c /home/wyf/Desktop/wyf_vs/leveldb/CMakeFiles/CMakeTmp/src.cxx
c++: error: unrecognized command line option '-Wthread-safety'; did you mean '-fthread-jumps'?
CMakeFiles/cmTC_0d562.dir/build.make:65: recipe for target 'CMakeFiles/cmTC_0d562.dir/src.cxx.o' failed
make[1]: *** [CMakeFiles/cmTC_0d562.dir/src.cxx.o] Error 1
make[1]: Leaving directory '/home/wyf/Desktop/wyf_vs/leveldb/CMakeFiles/CMakeTmp'
Makefile:126: recipe for target 'cmTC_0d562/fast' failed
make: *** [cmTC_0d562/fast] Error 2

Source file was:
int main() { return 0; }
Determining if the pthread_create exist failed with the following output:
Change Dir: /home/wyf/Desktop/wyf_vs/leveldb/CMakeFiles/CMakeTmp

Run Build Command:"/usr/bin/make" "cmTC_b193b/fast"
/usr/bin/make -f CMakeFiles/cmTC_b193b.dir/build.make CMakeFiles/cmTC_b193b.dir/build
make[1]: 进入目录“/home/wyf/Desktop/wyf_vs/leveldb/CMakeFiles/CMakeTmp”
Building C object CMakeFiles/cmTC_b193b.dir/CheckSymbolExists.c.o
/usr/bin/cc   -Wstrict-prototypes    -std=c11 -o CMakeFiles/cmTC_b193b.dir/CheckSymbolExists.c.o   -c /home/wyf/Desktop/wyf_vs/leveldb/CMakeFiles/CMakeTmp/CheckSymbolExists.c
Linking C executable cmTC_b193b
/usr/bin/cmake -E cmake_link_script CMakeFiles/cmTC_b193b.dir/link.txt --verbose=1
/usr/bin/cc  -Wstrict-prototypes     CMakeFiles/cmTC_b193b.dir/CheckSymbolExists.c.o  -o cmTC_b193b 
CMakeFiles/cmTC_b193b.dir/CheckSymbolExists.c.o：在函数‘main’中：
CheckSymbolExists.c:(.text+0x1b)：对‘pthread_create’未定义的引用
collect2: error: ld returned 1 exit status
CMakeFiles/cmTC_b193b.dir/build.make:97: recipe for target 'cmTC_b193b' failed
make[1]: *** [cmTC_b193b] Error 1
make[1]: 离开目录“/home/wyf/Desktop/wyf_vs/leveldb/CMakeFiles/CMakeTmp”
Makefile:126: recipe for target 'cmTC_b193b/fast' failed
make: *** [cmTC_b193b/fast] Error 2

File /home/wyf/Desktop/wyf_vs/leveldb/CMakeFiles/CMakeTmp/CheckSymbolExists.c:
/* */
#include <pthread.h>

int main(int argc, char** argv)
{
  (void)argv;
#ifndef pthread_create
  return ((int*)(&pthread_create))[argc];
#else
  (void)argc;
  return 0;
#endif
}

Determining if the function pthread_create exists in the pthreads failed with the following output:
Change Dir: /home/wyf/Desktop/wyf_vs/leveldb/CMakeFiles/CMakeTmp

Run Build Command:"/usr/bin/make" "cmTC_7b9a9/fast"
/usr/bin/make -f CMakeFiles/cmTC_7b9a9.dir/build.make CMakeFiles/cmTC_7b9a9.dir/build
make[1]: 进入目录“/home/wyf/Desktop/wyf_vs/leveldb/CMakeFiles/CMakeTmp”
Building C object CMakeFiles/cmTC_7b9a9.dir/CheckFunctionExists.c.o
/usr/bin/cc   -Wstrict-prototypes -DCHECK_FUNCTION_EXISTS=pthread_create   -std=c11 -o CMakeFiles/cmTC_7b9a9.dir/CheckFunctionExists.c.o   -c /usr/share/cmake-3.10/Modules/CheckFunctionExists.c
Linking C executable cmTC_7b9a9
/usr/bin/cmake -E cmake_link_script CMakeFiles/cmTC_7b9a9.dir/link.txt --verbose=1
/usr/bin/cc  -Wstrict-prototypes -DCHECK_FUNCTION_EXISTS=pthread_create    CMakeFiles/cmTC_7b9a9.dir/CheckFunctionExists.c.o  -o cmTC_7b9a9 -lpthreads 
/usr/bin/ld: 找不到 -lpthreads
collect2: error: ld returned 1 exit status
CMakeFiles/cmTC_7b9a9.dir/build.make:97: recipe for target 'cmTC_7b9a9' failed
make[1]: *** [cmTC_7b9a9] Error 1
make[1]: 离开目录“/home/wyf/Desktop/wyf_vs/leveldb/CMakeFiles/CMakeTmp”
Makefile:126: recipe for target 'cmTC_7b9a9/fast' failed
make: *** [cmTC_7b9a9/fast] Error 2


Performing C++ SOURCE FILE Test HAVE_CXX_FLAG_WSHORTEN_64_TO_32 failed with the following output:
Change Dir: /home/wyf/Desktop/wyf_vs/leveldb/CMakeFiles/CMakeTmp

Run Build Command:"/usr/bin/make" "cmTC_757fd/fast"
/usr/bin/make -f CMakeFiles/cmTC_757fd.dir/build.make CMakeFiles/cmTC_757fd.dir/build
make[1]: Entering directory '/home/wyf/Desktop/wyf_vs/leveldb/CMakeFiles/CMakeTmp'
Building CXX object CMakeFiles/cmTC_757fd.dir/src.cxx.o
/usr/bin/c++    -fno-exceptions -fno-rtti  -std=c++11  -Wall  -Wextra  -Wshadow -DHAVE_CXX_FLAG_WSHORTEN_64_TO_32  -Wshorten-64-to-32   -Wshorten-64-to-32 -o CMakeFiles/cmTC_757fd.dir/src.cxx.o -c /home/wyf/Desktop/wyf_vs/leveldb/CMakeFiles/CMakeTmp/src.cxx
c++: error: unrecognized command line option '-Wshorten-64-to-32'
c++: error: unrecognized command line option '-Wshorten-64-to-32'
CMakeFiles/cmTC_757fd.dir/build.make:65: recipe for target 'CMakeFiles/cmTC_757fd.dir/src.cxx.o' failed
make[1]: *** [CMakeFiles/cmTC_757fd.dir/src.cxx.o] Error 1
make[1]: Leaving directory '/home/wyf/Desktop/wyf_vs/leveldb/CMakeFiles/CMakeTmp'
Makefile:126: recipe for target 'cmTC_757fd/fast' failed
make: *** [cmTC_757fd/fast] Error 2

Source file was:
int main() { return 0; }
Performing C++ SOURCE FILE Test HAVE_CXX_FLAG_WD654 failed with the following output:
Change Dir: /home/wyf/Desktop/wyf_vs/leveldb/CMakeFiles/CMakeTmp

Run Build Command:"/usr/bin/make" "cmTC_93256/fast"
/usr/bin/make -f CMakeFiles/cmTC_93256.dir/build.make CMakeFiles/cmTC_93256.dir/build
make[1]: Entering directory '/home/wyf/Desktop/wyf_vs/leveldb/CMakeFiles/CMakeTmp'
Building CXX object CMakeFiles/cmTC_93256.dir/src.cxx.o
/usr/bin/c++    -fno-exceptions -fno-rtti  -std=c++11  -Wall  -Wextra  -Wshadow  -fstrict-aliasing  -Wno-deprecated-declarations  -fno-exceptions  -Wstrict-aliasing -DHAVE_CXX_FLAG_WD654  -wd654   -wd654 -o CMakeFiles/cmTC_93256.dir/src.cxx.o -c /home/wyf/Desktop/wyf_vs/leveldb/CMakeFiles/CMakeTmp/src.cxx
c++: error: unrecognized command line option '-wd654'
c++: error: unrecognized command line option '-wd654'
CMakeFiles/cmTC_93256.dir/build.make:65: recipe for target 'CMakeFiles/cmTC_93256.dir/src.cxx.o' failed
make[1]: *** [CMakeFiles/cmTC_93256.dir/src.cxx.o] Error 1
make[1]: Leaving directory '/home/wyf/Desktop/wyf_vs/leveldb/CMakeFiles/CMakeTmp'
Makefile:126: recipe for target 'cmTC_93256/fast' failed
make: *** [cmTC_93256/fast] Error 2

Source file was:
int main() { return 0; }
Performing C++ SOURCE FILE Test HAVE_CXX_FLAG_WTHREAD_SAFETY failed with the following output:
Change Dir: /home/wyf/Desktop/wyf_vs/leveldb/CMakeFiles/CMakeTmp

Run Build Command:"/usr/bin/make" "cmTC_e2cb6/fast"
/usr/bin/make -f CMakeFiles/cmTC_e2cb6.dir/build.make CMakeFiles/cmTC_e2cb6.dir/build
make[1]: Entering directory '/home/wyf/Desktop/wyf_vs/leveldb/CMakeFiles/CMakeTmp'
Building CXX object CMakeFiles/cmTC_e2cb6.dir/src.cxx.o
/usr/bin/c++    -fno-exceptions -fno-rtti  -std=c++11  -Wall  -Wextra  -Wshadow  -fstrict-aliasing  -Wno-deprecated-declarations  -fno-exceptions  -Wstrict-aliasing -DHAVE_CXX_FLAG_WTHREAD_SAFETY  -Wthread-safety   -Wthread-safety -o CMakeFiles/cmTC_e2cb6.dir/src.cxx.o -c /home/wyf/Desktop/wyf_vs/leveldb/CMakeFiles/CMakeTmp/src.cxx
c++: error: unrecognized command line option '-Wthread-safety'; did you mean '-fthread-jumps'?
c++: error: unrecognized command line option '-Wthread-safety'; did you mean '-fthread-jumps'?
CMakeFiles/cmTC_e2cb6.dir/build.make:65: recipe for target 'CMakeFiles/cmTC_e2cb6.dir/src.cxx.o' failed
make[1]: *** [CMakeFiles/cmTC_e2cb6.dir/src.cxx.o] Error 1
make[1]: Leaving directory '/home/wyf/Desktop/wyf_vs/leveldb/CMakeFiles/CMakeTmp'
Makefile:126: recipe for target 'cmTC_e2cb6/fast' failed
make: *** [cmTC_e2cb6/fast] Error 2

Source file was:
int main() { return 0; }
Determining if the function sqlite3_open exists in the sqlite3 failed with the following output:
Change Dir: /home/wyf/Desktop/wyf_vs/leveldb/CMakeFiles/CMakeTmp

Run Build Command:"/usr/bin/make" "cmTC_cb420/fast"
/usr/bin/make -f CMakeFiles/cmTC_cb420.dir/build.make CMakeFiles/cmTC_cb420.dir/build
make[1]: 进入目录“/home/wyf/Desktop/wyf_vs/leveldb/CMakeFiles/CMakeTmp”
Building C object CMakeFiles/cmTC_cb420.dir/CheckFunctionExists.c.o
/usr/bin/cc   -Wstrict-prototypes -DCHECK_FUNCTION_EXISTS=sqlite3_open   -o CMakeFiles/cmTC_cb420.dir/CheckFunctionExists.c.o   -c /usr/share/cmake-3.10/Modules/CheckFunctionExists.c
Linking C executable cmTC_cb420
/usr/bin/cmake -E cmake_link_script CMakeFiles/cmTC_cb420.dir/link.txt --verbose=1
/usr/bin/cc  -Wstrict-prototypes -DCHECK_FUNCTION_EXISTS=sqlite3_open    CMakeFiles/cmTC_cb420.dir/CheckFunctionExists.c.o  -o cmTC_cb420 -lsqlite3 
/usr/bin/ld: 找不到 -lsqlite3
collect2: error: ld returned 1 exit status
CMakeFiles/cmTC_cb420.dir/build.make:97: recipe for target 'cmTC_cb420' failed
make[1]: *** [cmTC_cb420] Error 1
make[1]: 离开目录“/home/wyf/Desktop/wyf_vs/leveldb/CMakeFiles/CMakeTmp”
Makefile:126: recipe for target 'cmTC_cb420/fast' failed
make: *** [cmTC_cb420/fast] Error 2


Performing C++ SOURCE FILE Test HAVE_KYOTOCABINET failed with the following output:
Change Dir: /home/wyf/Desktop/wyf_vs/leveldb/CMakeFiles/CMakeTmp

Run Build Command:"/usr/bin/make" "cmTC_38335/fast"
/usr/bin/make -f CMakeFiles/cmTC_38335.dir/build.make CMakeFiles/cmTC_38335.dir/build
make[1]: 进入目录“/home/wyf/Desktop/wyf_vs/leveldb/CMakeFiles/CMakeTmp”
Building CXX object CMakeFiles/cmTC_38335.dir/src.cxx.o
/usr/bin/c++    -fno-exceptions -fno-rtti -DHAVE_KYOTOCABINET   -o CMakeFiles/cmTC_38335.dir/src.cxx.o -c /home/wyf/Desktop/wyf_vs/leveldb/CMakeFiles/CMakeTmp/src.cxx
/home/wyf/Desktop/wyf_vs/leveldb/CMakeFiles/CMakeTmp/src.cxx:2:10: fatal error: kcpolydb.h: 没有那个文件或目录
 #include <kcpolydb.h>
          ^~~~~~~~~~~~
compilation terminated.
CMakeFiles/cmTC_38335.dir/build.make:65: recipe for target 'CMakeFiles/cmTC_38335.dir/src.cxx.o' failed
make[1]: *** [CMakeFiles/cmTC_38335.dir/src.cxx.o] Error 1
make[1]: 离开目录“/home/wyf/Desktop/wyf_vs/leveldb/CMakeFiles/CMakeTmp”
Makefile:126: recipe for target 'cmTC_38335/fast' failed
make: *** [cmTC_38335/fast] Error 2

Source file was:

#include <kcpolydb.h>

int main() {
  kyotocabinet::TreeDB* db = new kyotocabinet::TreeDB();
  delete db;
  return 0;
}
  
