The system is: Linux - 5.4.0-59-generic - x86_64
Compiling the C compiler identification source file "CMakeCCompilerId.c" succeeded.
Compiler: /usr/bin/cc 
Build flags: 
Id flags:  

The output was:
0


Compilation of the C compiler identification source "CMakeCCompilerId.c" produced "a.out"

The C compiler identification is GNU, found in "/home/wyf/Desktop/wyf_vs/leveldb/CMakeFiles/3.10.2/CompilerIdC/a.out"

Compiling the CXX compiler identification source file "CMakeCXXCompilerId.cpp" succeeded.
Compiler: /usr/bin/c++ 
Build flags: 
Id flags:  

The output was:
0


Compilation of the CXX compiler identification source "CMakeCXXCompilerId.cpp" produced "a.out"

The CXX compiler identification is GNU, found in "/home/wyf/Desktop/wyf_vs/leveldb/CMakeFiles/3.10.2/CompilerIdCXX/a.out"

Determining if the C compiler works passed with the following output:
Change Dir: /home/wyf/Desktop/wyf_vs/leveldb/CMakeFiles/CMakeTmp

Run Build Command:"/usr/bin/make" "cmTC_6d16b/fast"
/usr/bin/make -f CMakeFiles/cmTC_6d16b.dir/build.make CMakeFiles/cmTC_6d16b.dir/build
make[1]: 进入目录“/home/wyf/Desktop/wyf_vs/leveldb/CMakeFiles/CMakeTmp”
Building C object CMakeFiles/cmTC_6d16b.dir/testCCompiler.c.o
/usr/bin/cc    -o CMakeFiles/cmTC_6d16b.dir/testCCompiler.c.o   -c /home/wyf/Desktop/wyf_vs/leveldb/CMakeFiles/CMakeTmp/testCCompiler.c
Linking C executable cmTC_6d16b
/usr/bin/cmake -E cmake_link_script CMakeFiles/cmTC_6d16b.dir/link.txt --verbose=1
/usr/bin/cc      CMakeFiles/cmTC_6d16b.dir/testCCompiler.c.o  -o cmTC_6d16b 
make[1]: 离开目录“/home/wyf/Desktop/wyf_vs/leveldb/CMakeFiles/CMakeTmp”


Detecting C compiler ABI info compiled with the following output:
Change Dir: /home/wyf/Desktop/wyf_vs/leveldb/CMakeFiles/CMakeTmp

Run Build Command:"/usr/bin/make" "cmTC_394b4/fast"
/usr/bin/make -f CMakeFiles/cmTC_394b4.dir/build.make CMakeFiles/cmTC_394b4.dir/build
make[1]: 进入目录“/home/wyf/Desktop/wyf_vs/leveldb/CMakeFiles/CMakeTmp”
Building C object CMakeFiles/cmTC_394b4.dir/CMakeCCompilerABI.c.o
/usr/bin/cc    -o CMakeFiles/cmTC_394b4.dir/CMakeCCompilerABI.c.o   -c /usr/share/cmake-3.10/Modules/CMakeCCompilerABI.c
Linking C executable cmTC_394b4
/usr/bin/cmake -E cmake_link_script CMakeFiles/cmTC_394b4.dir/link.txt --verbose=1
/usr/bin/cc     -v CMakeFiles/cmTC_394b4.dir/CMakeCCompilerABI.c.o  -o cmTC_394b4 
Using built-in specs.
COLLECT_GCC=/usr/bin/cc
COLLECT_LTO_WRAPPER=/usr/lib/gcc/x86_64-linux-gnu/7/lto-wrapper
OFFLOAD_TARGET_NAMES=nvptx-none
OFFLOAD_TARGET_DEFAULT=1
Target: x86_64-linux-gnu
Configured with: ../src/configure -v --with-pkgversion='Ubuntu 7.5.0-3ubuntu1~18.04' --with-bugurl=file:///usr/share/doc/gcc-7/README.Bugs --enable-languages=c,ada,c++,go,brig,d,fortran,objc,obj-c++ --prefix=/usr --with-gcc-major-version-only --program-suffix=-7 --program-prefix=x86_64-linux-gnu- --enable-shared --enable-linker-build-id --libexecdir=/usr/lib --without-included-gettext --enable-threads=posix --libdir=/usr/lib --enable-nls --enable-bootstrap --enable-clocale=gnu --enable-libstdcxx-debug --enable-libstdcxx-time=yes --with-default-libstdcxx-abi=new --enable-gnu-unique-object --disable-vtable-verify --enable-libmpx --enable-plugin --enable-default-pie --with-system-zlib --with-target-system-zlib --enable-objc-gc=auto --enable-multiarch --disable-werror --with-arch-32=i686 --with-abi=m64 --with-multilib-list=m32,m64,mx32 --enable-multilib --with-tune=generic --enable-offload-targets=nvptx-none --without-cuda-driver --enable-checking=release --build=x86_64-linux-gnu --host=x86_64-linux-gnu --target=x86_64-linux-gnu
Thread model: posix
gcc version 7.5.0 (Ubuntu 7.5.0-3ubuntu1~18.04) 
COMPILER_PATH=/usr/lib/gcc/x86_64-linux-gnu/7/:/usr/lib/gcc/x86_64-linux-gnu/7/:/usr/lib/gcc/x86_64-linux-gnu/:/usr/lib/gcc/x86_64-linux-gnu/7/:/usr/lib/gcc/x86_64-linux-gnu/
LIBRARY_PATH=/usr/lib/gcc/x86_64-linux-gnu/7/:/usr/lib/gcc/x86_64-linux-gnu/7/../../../x86_64-linux-gnu/:/usr/lib/gcc/x86_64-linux-gnu/7/../../../../lib/:/lib/x86_64-linux-gnu/:/lib/../lib/:/usr/lib/x86_64-linux-gnu/:/usr/lib/../lib/:/usr/lib/gcc/x86_64-linux-gnu/7/../../../:/lib/:/usr/lib/
COLLECT_GCC_OPTIONS='-v' '-o' 'cmTC_394b4' '-mtune=generic' '-march=x86-64'
 /usr/lib/gcc/x86_64-linux-gnu/7/collect2 -plugin /usr/lib/gcc/x86_64-linux-gnu/7/liblto_plugin.so -plugin-opt=/usr/lib/gcc/x86_64-linux-gnu/7/lto-wrapper -plugin-opt=-fresolution=/tmp/ccU0fJch.res -plugin-opt=-pass-through=-lgcc -plugin-opt=-pass-through=-lgcc_s -plugin-opt=-pass-through=-lc -plugin-opt=-pass-through=-lgcc -plugin-opt=-pass-through=-lgcc_s --build-id --eh-frame-hdr -m elf_x86_64 --hash-style=gnu --as-needed -dynamic-linker /lib64/ld-linux-x86-64.so.2 -pie -z now -z relro -o cmTC_394b4 /usr/lib/gcc/x86_64-linux-gnu/7/../../../x86_64-linux-gnu/Scrt1.o /usr/lib/gcc/x86_64-linux-gnu/7/../../../x86_64-linux-gnu/crti.o /usr/lib/gcc/x86_64-linux-gnu/7/crtbeginS.o -L/usr/lib/gcc/x86_64-linux-gnu/7 -L/usr/lib/gcc/x86_64-linux-gnu/7/../../../x86_64-linux-gnu -L/usr/lib/gcc/x86_64-linux-gnu/7/../../../../lib -L/lib/x86_64-linux-gnu -L/lib/../lib -L/usr/lib/x86_64-linux-gnu -L/usr/lib/../lib -L/usr/lib/gcc/x86_64-linux-gnu/7/../../.. CMakeFiles/cmTC_394b4.dir/CMakeCCompilerABI.c.o -lgcc --push-state --as-needed -lgcc_s --pop-state -lc -lgcc --push-state --as-needed -lgcc_s --pop-state /usr/lib/gcc/x86_64-linux-gnu/7/crtendS.o /usr/lib/gcc/x86_64-linux-gnu/7/../../../x86_64-linux-gnu/crtn.o
COLLECT_GCC_OPTIONS='-v' '-o' 'cmTC_394b4' '-mtune=generic' '-march=x86-64'
make[1]: 离开目录“/home/wyf/Desktop/wyf_vs/leveldb/CMakeFiles/CMakeTmp”


Parsed C implicit link information from above output:
  link line regex: [^( *|.*[/\])(ld|CMAKE_LINK_STARTFILE-NOTFOUND|([^/\]+-)?ld|collect2)[^/\]*( |$)]
  ignore line: [Change Dir: /home/wyf/Desktop/wyf_vs/leveldb/CMakeFiles/CMakeTmp]
  ignore line: []
  ignore line: [Run Build Command:"/usr/bin/make" "cmTC_394b4/fast"]
  ignore line: [/usr/bin/make -f CMakeFiles/cmTC_394b4.dir/build.make CMakeFiles/cmTC_394b4.dir/build]
  ignore line: [make[1]: 进入目录“/home/wyf/Desktop/wyf_vs/leveldb/CMakeFiles/CMakeTmp”]
  ignore line: [Building C object CMakeFiles/cmTC_394b4.dir/CMakeCCompilerABI.c.o]
  ignore line: [/usr/bin/cc    -o CMakeFiles/cmTC_394b4.dir/CMakeCCompilerABI.c.o   -c /usr/share/cmake-3.10/Modules/CMakeCCompilerABI.c]
  ignore line: [Linking C executable cmTC_394b4]
  ignore line: [/usr/bin/cmake -E cmake_link_script CMakeFiles/cmTC_394b4.dir/link.txt --verbose=1]
  ignore line: [/usr/bin/cc     -v CMakeFiles/cmTC_394b4.dir/CMakeCCompilerABI.c.o  -o cmTC_394b4 ]
  ignore line: [Using built-in specs.]
  ignore line: [COLLECT_GCC=/usr/bin/cc]
  ignore line: [COLLECT_LTO_WRAPPER=/usr/lib/gcc/x86_64-linux-gnu/7/lto-wrapper]
  ignore line: [OFFLOAD_TARGET_NAMES=nvptx-none]
  ignore line: [OFFLOAD_TARGET_DEFAULT=1]
  ignore line: [Target: x86_64-linux-gnu]
  ignore line: [Configured with: ../src/configure -v --with-pkgversion='Ubuntu 7.5.0-3ubuntu1~18.04' --with-bugurl=file:///usr/share/doc/gcc-7/README.Bugs --enable-languages=c,ada,c++,go,brig,d,fortran,objc,obj-c++ --prefix=/usr --with-gcc-major-version-only --program-suffix=-7 --program-prefix=x86_64-linux-gnu- --enable-shared --enable-linker-build-id --libexecdir=/usr/lib --without-included-gettext --enable-threads=posix --libdir=/usr/lib --enable-nls --enable-bootstrap --enable-clocale=gnu --enable-libstdcxx-debug --enable-libstdcxx-time=yes --with-default-libstdcxx-abi=new --enable-gnu-unique-object --disable-vtable-verify --enable-libmpx --enable-plugin --enable-default-pie --with-system-zlib --with-target-system-zlib --enable-objc-gc=auto --enable-multiarch --disable-werror --with-arch-32=i686 --with-abi=m64 --with-multilib-list=m32,m64,mx32 --enable-multilib --with-tune=generic --enable-offload-targets=nvptx-none --without-cuda-driver --enable-checking=release --build=x86_64-linux-gnu --host=x86_64-linux-gnu --target=x86_64-linux-gnu]
  ignore line: [Thread model: posix]
  ignore line: [gcc version 7.5.0 (Ubuntu 7.5.0-3ubuntu1~18.04) ]
  ignore line: [COMPILER_PATH=/usr/lib/gcc/x86_64-linux-gnu/7/:/usr/lib/gcc/x86_64-linux-gnu/7/:/usr/lib/gcc/x86_64-linux-gnu/:/usr/lib/gcc/x86_64-linux-gnu/7/:/usr/lib/gcc/x86_64-linux-gnu/]
  ignore line: [LIBRARY_PATH=/usr/lib/gcc/x86_64-linux-gnu/7/:/usr/lib/gcc/x86_64-linux-gnu/7/../../../x86_64-linux-gnu/:/usr/lib/gcc/x86_64-linux-gnu/7/../../../../lib/:/lib/x86_64-linux-gnu/:/lib/../lib/:/usr/lib/x86_64-linux-gnu/:/usr/lib/../lib/:/usr/lib/gcc/x86_64-linux-gnu/7/../../../:/lib/:/usr/lib/]
  ignore line: [COLLECT_GCC_OPTIONS='-v' '-o' 'cmTC_394b4' '-mtune=generic' '-march=x86-64']
  link line: [ /usr/lib/gcc/x86_64-linux-gnu/7/collect2 -plugin /usr/lib/gcc/x86_64-linux-gnu/7/liblto_plugin.so -plugin-opt=/usr/lib/gcc/x86_64-linux-gnu/7/lto-wrapper -plugin-opt=-fresolution=/tmp/ccU0fJch.res -plugin-opt=-pass-through=-lgcc -plugin-opt=-pass-through=-lgcc_s -plugin-opt=-pass-through=-lc -plugin-opt=-pass-through=-lgcc -plugin-opt=-pass-through=-lgcc_s --build-id --eh-frame-hdr -m elf_x86_64 --hash-style=gnu --as-needed -dynamic-linker /lib64/ld-linux-x86-64.so.2 -pie -z now -z relro -o cmTC_394b4 /usr/lib/gcc/x86_64-linux-gnu/7/../../../x86_64-linux-gnu/Scrt1.o /usr/lib/gcc/x86_64-linux-gnu/7/../../../x86_64-linux-gnu/crti.o /usr/lib/gcc/x86_64-linux-gnu/7/crtbeginS.o -L/usr/lib/gcc/x86_64-linux-gnu/7 -L/usr/lib/gcc/x86_64-linux-gnu/7/../../../x86_64-linux-gnu -L/usr/lib/gcc/x86_64-linux-gnu/7/../../../../lib -L/lib/x86_64-linux-gnu -L/lib/../lib -L/usr/lib/x86_64-linux-gnu -L/usr/lib/../lib -L/usr/lib/gcc/x86_64-linux-gnu/7/../../.. CMakeFiles/cmTC_394b4.dir/CMakeCCompilerABI.c.o -lgcc --push-state --as-needed -lgcc_s --pop-state -lc -lgcc --push-state --as-needed -lgcc_s --pop-state /usr/lib/gcc/x86_64-linux-gnu/7/crtendS.o /usr/lib/gcc/x86_64-linux-gnu/7/../../../x86_64-linux-gnu/crtn.o]
    arg [/usr/lib/gcc/x86_64-linux-gnu/7/collect2] ==> ignore
    arg [-plugin] ==> ignore
    arg [/usr/lib/gcc/x86_64-linux-gnu/7/liblto_plugin.so] ==> ignore
    arg [-plugin-opt=/usr/lib/gcc/x86_64-linux-gnu/7/lto-wrapper] ==> ignore
    arg [-plugin-opt=-fresolution=/tmp/ccU0fJch.res] ==> ignore
    arg [-plugin-opt=-pass-through=-lgcc] ==> ignore
    arg [-plugin-opt=-pass-through=-lgcc_s] ==> ignore
    arg [-plugin-opt=-pass-through=-lc] ==> ignore
    arg [-plugin-opt=-pass-through=-lgcc] ==> ignore
    arg [-plugin-opt=-pass-through=-lgcc_s] ==> ignore
    arg [--build-id] ==> ignore
    arg [--eh-frame-hdr] ==> ignore
    arg [-m] ==> ignore
    arg [elf_x86_64] ==> ignore
    arg [--hash-style=gnu] ==> ignore
    arg [--as-needed] ==> ignore
    arg [-dynamic-linker] ==> ignore
    arg [/lib64/ld-linux-x86-64.so.2] ==> ignore
    arg [-pie] ==> ignore
    arg [-znow] ==> ignore
    arg [-zrelro] ==> ignore
    arg [-o] ==> ignore
    arg [cmTC_394b4] ==> ignore
    arg [/usr/lib/gcc/x86_64-linux-gnu/7/../../../x86_64-linux-gnu/Scrt1.o] ==> ignore
    arg [/usr/lib/gcc/x86_64-linux-gnu/7/../../../x86_64-linux-gnu/crti.o] ==> ignore
    arg [/usr/lib/gcc/x86_64-linux-gnu/7/crtbeginS.o] ==> ignore
    arg [-L/usr/lib/gcc/x86_64-linux-gnu/7] ==> dir [/usr/lib/gcc/x86_64-linux-gnu/7]
    arg [-L/usr/lib/gcc/x86_64-linux-gnu/7/../../../x86_64-linux-gnu] ==> dir [/usr/lib/gcc/x86_64-linux-gnu/7/../../../x86_64-linux-gnu]
    arg [-L/usr/lib/gcc/x86_64-linux-gnu/7/../../../../lib] ==> dir [/usr/lib/gcc/x86_64-linux-gnu/7/../../../../lib]
    arg [-L/lib/x86_64-linux-gnu] ==> dir [/lib/x86_64-linux-gnu]
    arg [-L/lib/../lib] ==> dir [/lib/../lib]
    arg [-L/usr/lib/x86_64-linux-gnu] ==> dir [/usr/lib/x86_64-linux-gnu]
    arg [-L/usr/lib/../lib] ==> dir [/usr/lib/../lib]
    arg [-L/usr/lib/gcc/x86_64-linux-gnu/7/../../..] ==> dir [/usr/lib/gcc/x86_64-linux-gnu/7/../../..]
    arg [CMakeFiles/cmTC_394b4.dir/CMakeCCompilerABI.c.o] ==> ignore
    arg [-lgcc] ==> lib [gcc]
    arg [--push-state] ==> ignore
    arg [--as-needed] ==> ignore
    arg [-lgcc_s] ==> lib [gcc_s]
    arg [--pop-state] ==> ignore
    arg [-lc] ==> lib [c]
    arg [-lgcc] ==> lib [gcc]
    arg [--push-state] ==> ignore
    arg [--as-needed] ==> ignore
    arg [-lgcc_s] ==> lib [gcc_s]
    arg [--pop-state] ==> ignore
    arg [/usr/lib/gcc/x86_64-linux-gnu/7/crtendS.o] ==> ignore
    arg [/usr/lib/gcc/x86_64-linux-gnu/7/../../../x86_64-linux-gnu/crtn.o] ==> ignore
  collapse library dir [/usr/lib/gcc/x86_64-linux-gnu/7] ==> [/usr/lib/gcc/x86_64-linux-gnu/7]
  collapse library dir [/usr/lib/gcc/x86_64-linux-gnu/7/../../../x86_64-linux-gnu] ==> [/usr/lib/x86_64-linux-gnu]
  collapse library dir [/usr/lib/gcc/x86_64-linux-gnu/7/../../../../lib] ==> [/usr/lib]
  collapse library dir [/lib/x86_64-linux-gnu] ==> [/lib/x86_64-linux-gnu]
  collapse library dir [/lib/../lib] ==> [/lib]
  collapse library dir [/usr/lib/x86_64-linux-gnu] ==> [/usr/lib/x86_64-linux-gnu]
  collapse library dir [/usr/lib/../lib] ==> [/usr/lib]
  collapse library dir [/usr/lib/gcc/x86_64-linux-gnu/7/../../..] ==> [/usr/lib]
  implicit libs: [gcc;gcc_s;c;gcc;gcc_s]
  implicit dirs: [/usr/lib/gcc/x86_64-linux-gnu/7;/usr/lib/x86_64-linux-gnu;/usr/lib;/lib/x86_64-linux-gnu;/lib]
  implicit fwks: []




Detecting C [-std=c11] compiler features compiled with the following output:
Change Dir: /home/wyf/Desktop/wyf_vs/leveldb/CMakeFiles/CMakeTmp

Run Build Command:"/usr/bin/make" "cmTC_2eb05/fast"
/usr/bin/make -f CMakeFiles/cmTC_2eb05.dir/build.make CMakeFiles/cmTC_2eb05.dir/build
make[1]: 进入目录“/home/wyf/Desktop/wyf_vs/leveldb/CMakeFiles/CMakeTmp”
Building C object CMakeFiles/cmTC_2eb05.dir/feature_tests.c.o
/usr/bin/cc   -std=c11 -o CMakeFiles/cmTC_2eb05.dir/feature_tests.c.o   -c /home/wyf/Desktop/wyf_vs/leveldb/CMakeFiles/feature_tests.c
Linking C executable cmTC_2eb05
/usr/bin/cmake -E cmake_link_script CMakeFiles/cmTC_2eb05.dir/link.txt --verbose=1
/usr/bin/cc      CMakeFiles/cmTC_2eb05.dir/feature_tests.c.o  -o cmTC_2eb05 
make[1]: 离开目录“/home/wyf/Desktop/wyf_vs/leveldb/CMakeFiles/CMakeTmp”


    Feature record: C_FEATURE:1c_function_prototypes
    Feature record: C_FEATURE:1c_restrict
    Feature record: C_FEATURE:1c_static_assert
    Feature record: C_FEATURE:1c_variadic_macros


Detecting C [-std=c99] compiler features compiled with the following output:
Change Dir: /home/wyf/Desktop/wyf_vs/leveldb/CMakeFiles/CMakeTmp

Run Build Command:"/usr/bin/make" "cmTC_1eb03/fast"
/usr/bin/make -f CMakeFiles/cmTC_1eb03.dir/build.make CMakeFiles/cmTC_1eb03.dir/build
make[1]: 进入目录“/home/wyf/Desktop/wyf_vs/leveldb/CMakeFiles/CMakeTmp”
Building C object CMakeFiles/cmTC_1eb03.dir/feature_tests.c.o
/usr/bin/cc   -std=c99 -o CMakeFiles/cmTC_1eb03.dir/feature_tests.c.o   -c /home/wyf/Desktop/wyf_vs/leveldb/CMakeFiles/feature_tests.c
Linking C executable cmTC_1eb03
/usr/bin/cmake -E cmake_link_script CMakeFiles/cmTC_1eb03.dir/link.txt --verbose=1
/usr/bin/cc      CMakeFiles/cmTC_1eb03.dir/feature_tests.c.o  -o cmTC_1eb03 
make[1]: 离开目录“/home/wyf/Desktop/wyf_vs/leveldb/CMakeFiles/CMakeTmp”


    Feature record: C_FEATURE:1c_function_prototypes
    Feature record: C_FEATURE:1c_restrict
    Feature record: C_FEATURE:0c_static_assert
    Feature record: C_FEATURE:1c_variadic_macros


Detecting C [-std=c90] compiler features compiled with the following output:
Change Dir: /home/wyf/Desktop/wyf_vs/leveldb/CMakeFiles/CMakeTmp

Run Build Command:"/usr/bin/make" "cmTC_c75fa/fast"
/usr/bin/make -f CMakeFiles/cmTC_c75fa.dir/build.make CMakeFiles/cmTC_c75fa.dir/build
make[1]: 进入目录“/home/wyf/Desktop/wyf_vs/leveldb/CMakeFiles/CMakeTmp”
Building C object CMakeFiles/cmTC_c75fa.dir/feature_tests.c.o
/usr/bin/cc   -std=c90 -o CMakeFiles/cmTC_c75fa.dir/feature_tests.c.o   -c /home/wyf/Desktop/wyf_vs/leveldb/CMakeFiles/feature_tests.c
Linking C executable cmTC_c75fa
/usr/bin/cmake -E cmake_link_script CMakeFiles/cmTC_c75fa.dir/link.txt --verbose=1
/usr/bin/cc      CMakeFiles/cmTC_c75fa.dir/feature_tests.c.o  -o cmTC_c75fa 
make[1]: 离开目录“/home/wyf/Desktop/wyf_vs/leveldb/CMakeFiles/CMakeTmp”


    Feature record: C_FEATURE:1c_function_prototypes
    Feature record: C_FEATURE:0c_restrict
    Feature record: C_FEATURE:0c_static_assert
    Feature record: C_FEATURE:0c_variadic_macros
Determining if the CXX compiler works passed with the following output:
Change Dir: /home/wyf/Desktop/wyf_vs/leveldb/CMakeFiles/CMakeTmp

Run Build Command:"/usr/bin/make" "cmTC_21343/fast"
/usr/bin/make -f CMakeFiles/cmTC_21343.dir/build.make CMakeFiles/cmTC_21343.dir/build
make[1]: 进入目录“/home/wyf/Desktop/wyf_vs/leveldb/CMakeFiles/CMakeTmp”
Building CXX object CMakeFiles/cmTC_21343.dir/testCXXCompiler.cxx.o
/usr/bin/c++     -o CMakeFiles/cmTC_21343.dir/testCXXCompiler.cxx.o -c /home/wyf/Desktop/wyf_vs/leveldb/CMakeFiles/CMakeTmp/testCXXCompiler.cxx
Linking CXX executable cmTC_21343
/usr/bin/cmake -E cmake_link_script CMakeFiles/cmTC_21343.dir/link.txt --verbose=1
/usr/bin/c++       CMakeFiles/cmTC_21343.dir/testCXXCompiler.cxx.o  -o cmTC_21343 
make[1]: 离开目录“/home/wyf/Desktop/wyf_vs/leveldb/CMakeFiles/CMakeTmp”


Detecting CXX compiler ABI info compiled with the following output:
Change Dir: /home/wyf/Desktop/wyf_vs/leveldb/CMakeFiles/CMakeTmp

Run Build Command:"/usr/bin/make" "cmTC_88f4a/fast"
/usr/bin/make -f CMakeFiles/cmTC_88f4a.dir/build.make CMakeFiles/cmTC_88f4a.dir/build
make[1]: 进入目录“/home/wyf/Desktop/wyf_vs/leveldb/CMakeFiles/CMakeTmp”
Building CXX object CMakeFiles/cmTC_88f4a.dir/CMakeCXXCompilerABI.cpp.o
/usr/bin/c++     -o CMakeFiles/cmTC_88f4a.dir/CMakeCXXCompilerABI.cpp.o -c /usr/share/cmake-3.10/Modules/CMakeCXXCompilerABI.cpp
Linking CXX executable cmTC_88f4a
/usr/bin/cmake -E cmake_link_script CMakeFiles/cmTC_88f4a.dir/link.txt --verbose=1
/usr/bin/c++      -v CMakeFiles/cmTC_88f4a.dir/CMakeCXXCompilerABI.cpp.o  -o cmTC_88f4a 
Using built-in specs.
COLLECT_GCC=/usr/bin/c++
COLLECT_LTO_WRAPPER=/usr/lib/gcc/x86_64-linux-gnu/7/lto-wrapper
OFFLOAD_TARGET_NAMES=nvptx-none
OFFLOAD_TARGET_DEFAULT=1
Target: x86_64-linux-gnu
Configured with: ../src/configure -v --with-pkgversion='Ubuntu 7.5.0-3ubuntu1~18.04' --with-bugurl=file:///usr/share/doc/gcc-7/README.Bugs --enable-languages=c,ada,c++,go,brig,d,fortran,objc,obj-c++ --prefix=/usr --with-gcc-major-version-only --program-suffix=-7 --program-prefix=x86_64-linux-gnu- --enable-shared --enable-linker-build-id --libexecdir=/usr/lib --without-included-gettext --enable-threads=posix --libdir=/usr/lib --enable-nls --enable-bootstrap --enable-clocale=gnu --enable-libstdcxx-debug --enable-libstdcxx-time=yes --with-default-libstdcxx-abi=new --enable-gnu-unique-object --disable-vtable-verify --enable-libmpx --enable-plugin --enable-default-pie --with-system-zlib --with-target-system-zlib --enable-objc-gc=auto --enable-multiarch --disable-werror --with-arch-32=i686 --with-abi=m64 --with-multilib-list=m32,m64,mx32 --enable-multilib --with-tune=generic --enable-offload-targets=nvptx-none --without-cuda-driver --enable-checking=release --build=x86_64-linux-gnu --host=x86_64-linux-gnu --target=x86_64-linux-gnu
Thread model: posix
gcc version 7.5.0 (Ubuntu 7.5.0-3ubuntu1~18.04) 
COMPILER_PATH=/usr/lib/gcc/x86_64-linux-gnu/7/:/usr/lib/gcc/x86_64-linux-gnu/7/:/usr/lib/gcc/x86_64-linux-gnu/:/usr/lib/gcc/x86_64-linux-gnu/7/:/usr/lib/gcc/x86_64-linux-gnu/
LIBRARY_PATH=/usr/lib/gcc/x86_64-linux-gnu/7/:/usr/lib/gcc/x86_64-linux-gnu/7/../../../x86_64-linux-gnu/:/usr/lib/gcc/x86_64-linux-gnu/7/../../../../lib/:/lib/x86_64-linux-gnu/:/lib/../lib/:/usr/lib/x86_64-linux-gnu/:/usr/lib/../lib/:/usr/lib/gcc/x86_64-linux-gnu/7/../../../:/lib/:/usr/lib/
COLLECT_GCC_OPTIONS='-v' '-o' 'cmTC_88f4a' '-shared-libgcc' '-mtune=generic' '-march=x86-64'
 /usr/lib/gcc/x86_64-linux-gnu/7/collect2 -plugin /usr/lib/gcc/x86_64-linux-gnu/7/liblto_plugin.so -plugin-opt=/usr/lib/gcc/x86_64-linux-gnu/7/lto-wrapper -plugin-opt=-fresolution=/tmp/cctpe1ZI.res -plugin-opt=-pass-through=-lgcc_s -plugin-opt=-pass-through=-lgcc -plugin-opt=-pass-through=-lc -plugin-opt=-pass-through=-lgcc_s -plugin-opt=-pass-through=-lgcc --build-id --eh-frame-hdr -m elf_x86_64 --hash-style=gnu --as-needed -dynamic-linker /lib64/ld-linux-x86-64.so.2 -pie -z now -z relro -o cmTC_88f4a /usr/lib/gcc/x86_64-linux-gnu/7/../../../x86_64-linux-gnu/Scrt1.o /usr/lib/gcc/x86_64-linux-gnu/7/../../../x86_64-linux-gnu/crti.o /usr/lib/gcc/x86_64-linux-gnu/7/crtbeginS.o -L/usr/lib/gcc/x86_64-linux-gnu/7 -L/usr/lib/gcc/x86_64-linux-gnu/7/../../../x86_64-linux-gnu -L/usr/lib/gcc/x86_64-linux-gnu/7/../../../../lib -L/lib/x86_64-linux-gnu -L/lib/../lib -L/usr/lib/x86_64-linux-gnu -L/usr/lib/../lib -L/usr/lib/gcc/x86_64-linux-gnu/7/../../.. CMakeFiles/cmTC_88f4a.dir/CMakeCXXCompilerABI.cpp.o -lstdc++ -lm -lgcc_s -lgcc -lc -lgcc_s -lgcc /usr/lib/gcc/x86_64-linux-gnu/7/crtendS.o /usr/lib/gcc/x86_64-linux-gnu/7/../../../x86_64-linux-gnu/crtn.o
COLLECT_GCC_OPTIONS='-v' '-o' 'cmTC_88f4a' '-shared-libgcc' '-mtune=generic' '-march=x86-64'
make[1]: 离开目录“/home/wyf/Desktop/wyf_vs/leveldb/CMakeFiles/CMakeTmp”


Parsed CXX implicit link information from above output:
  link line regex: [^( *|.*[/\])(ld|CMAKE_LINK_STARTFILE-NOTFOUND|([^/\]+-)?ld|collect2)[^/\]*( |$)]
  ignore line: [Change Dir: /home/wyf/Desktop/wyf_vs/leveldb/CMakeFiles/CMakeTmp]
  ignore line: []
  ignore line: [Run Build Command:"/usr/bin/make" "cmTC_88f4a/fast"]
  ignore line: [/usr/bin/make -f CMakeFiles/cmTC_88f4a.dir/build.make CMakeFiles/cmTC_88f4a.dir/build]
  ignore line: [make[1]: 进入目录“/home/wyf/Desktop/wyf_vs/leveldb/CMakeFiles/CMakeTmp”]
  ignore line: [Building CXX object CMakeFiles/cmTC_88f4a.dir/CMakeCXXCompilerABI.cpp.o]
  ignore line: [/usr/bin/c++     -o CMakeFiles/cmTC_88f4a.dir/CMakeCXXCompilerABI.cpp.o -c /usr/share/cmake-3.10/Modules/CMakeCXXCompilerABI.cpp]
  ignore line: [Linking CXX executable cmTC_88f4a]
  ignore line: [/usr/bin/cmake -E cmake_link_script CMakeFiles/cmTC_88f4a.dir/link.txt --verbose=1]
  ignore line: [/usr/bin/c++      -v CMakeFiles/cmTC_88f4a.dir/CMakeCXXCompilerABI.cpp.o  -o cmTC_88f4a ]
  ignore line: [Using built-in specs.]
  ignore line: [COLLECT_GCC=/usr/bin/c++]
  ignore line: [COLLECT_LTO_WRAPPER=/usr/lib/gcc/x86_64-linux-gnu/7/lto-wrapper]
  ignore line: [OFFLOAD_TARGET_NAMES=nvptx-none]
  ignore line: [OFFLOAD_TARGET_DEFAULT=1]
  ignore line: [Target: x86_64-linux-gnu]
  ignore line: [Configured with: ../src/configure -v --with-pkgversion='Ubuntu 7.5.0-3ubuntu1~18.04' --with-bugurl=file:///usr/share/doc/gcc-7/README.Bugs --enable-languages=c,ada,c++,go,brig,d,fortran,objc,obj-c++ --prefix=/usr --with-gcc-major-version-only --program-suffix=-7 --program-prefix=x86_64-linux-gnu- --enable-shared --enable-linker-build-id --libexecdir=/usr/lib --without-included-gettext --enable-threads=posix --libdir=/usr/lib --enable-nls --enable-bootstrap --enable-clocale=gnu --enable-libstdcxx-debug --enable-libstdcxx-time=yes --with-default-libstdcxx-abi=new --enable-gnu-unique-object --disable-vtable-verify --enable-libmpx --enable-plugin --enable-default-pie --with-system-zlib --with-target-system-zlib --enable-objc-gc=auto --enable-multiarch --disable-werror --with-arch-32=i686 --with-abi=m64 --with-multilib-list=m32,m64,mx32 --enable-multilib --with-tune=generic --enable-offload-targets=nvptx-none --without-cuda-driver --enable-checking=release --build=x86_64-linux-gnu --host=x86_64-linux-gnu --target=x86_64-linux-gnu]
  ignore line: [Thread model: posix]
  ignore line: [gcc version 7.5.0 (Ubuntu 7.5.0-3ubuntu1~18.04) ]
  ignore line: [COMPILER_PATH=/usr/lib/gcc/x86_64-linux-gnu/7/:/usr/lib/gcc/x86_64-linux-gnu/7/:/usr/lib/gcc/x86_64-linux-gnu/:/usr/lib/gcc/x86_64-linux-gnu/7/:/usr/lib/gcc/x86_64-linux-gnu/]
  ignore line: [LIBRARY_PATH=/usr/lib/gcc/x86_64-linux-gnu/7/:/usr/lib/gcc/x86_64-linux-gnu/7/../../../x86_64-linux-gnu/:/usr/lib/gcc/x86_64-linux-gnu/7/../../../../lib/:/lib/x86_64-linux-gnu/:/lib/../lib/:/usr/lib/x86_64-linux-gnu/:/usr/lib/../lib/:/usr/lib/gcc/x86_64-linux-gnu/7/../../../:/lib/:/usr/lib/]
  ignore line: [COLLECT_GCC_OPTIONS='-v' '-o' 'cmTC_88f4a' '-shared-libgcc' '-mtune=generic' '-march=x86-64']
  link line: [ /usr/lib/gcc/x86_64-linux-gnu/7/collect2 -plugin /usr/lib/gcc/x86_64-linux-gnu/7/liblto_plugin.so -plugin-opt=/usr/lib/gcc/x86_64-linux-gnu/7/lto-wrapper -plugin-opt=-fresolution=/tmp/cctpe1ZI.res -plugin-opt=-pass-through=-lgcc_s -plugin-opt=-pass-through=-lgcc -plugin-opt=-pass-through=-lc -plugin-opt=-pass-through=-lgcc_s -plugin-opt=-pass-through=-lgcc --build-id --eh-frame-hdr -m elf_x86_64 --hash-style=gnu --as-needed -dynamic-linker /lib64/ld-linux-x86-64.so.2 -pie -z now -z relro -o cmTC_88f4a /usr/lib/gcc/x86_64-linux-gnu/7/../../../x86_64-linux-gnu/Scrt1.o /usr/lib/gcc/x86_64-linux-gnu/7/../../../x86_64-linux-gnu/crti.o /usr/lib/gcc/x86_64-linux-gnu/7/crtbeginS.o -L/usr/lib/gcc/x86_64-linux-gnu/7 -L/usr/lib/gcc/x86_64-linux-gnu/7/../../../x86_64-linux-gnu -L/usr/lib/gcc/x86_64-linux-gnu/7/../../../../lib -L/lib/x86_64-linux-gnu -L/lib/../lib -L/usr/lib/x86_64-linux-gnu -L/usr/lib/../lib -L/usr/lib/gcc/x86_64-linux-gnu/7/../../.. CMakeFiles/cmTC_88f4a.dir/CMakeCXXCompilerABI.cpp.o -lstdc++ -lm -lgcc_s -lgcc -lc -lgcc_s -lgcc /usr/lib/gcc/x86_64-linux-gnu/7/crtendS.o /usr/lib/gcc/x86_64-linux-gnu/7/../../../x86_64-linux-gnu/crtn.o]
    arg [/usr/lib/gcc/x86_64-linux-gnu/7/collect2] ==> ignore
    arg [-plugin] ==> ignore
    arg [/usr/lib/gcc/x86_64-linux-gnu/7/liblto_plugin.so] ==> ignore
    arg [-plugin-opt=/usr/lib/gcc/x86_64-linux-gnu/7/lto-wrapper] ==> ignore
    arg [-plugin-opt=-fresolution=/tmp/cctpe1ZI.res] ==> ignore
    arg [-plugin-opt=-pass-through=-lgcc_s] ==> ignore
    arg [-plugin-opt=-pass-through=-lgcc] ==> ignore
    arg [-plugin-opt=-pass-through=-lc] ==> ignore
    arg [-plugin-opt=-pass-through=-lgcc_s] ==> ignore
    arg [-plugin-opt=-pass-through=-lgcc] ==> ignore
    arg [--build-id] ==> ignore
    arg [--eh-frame-hdr] ==> ignore
    arg [-m] ==> ignore
    arg [elf_x86_64] ==> ignore
    arg [--hash-style=gnu] ==> ignore
    arg [--as-needed] ==> ignore
    arg [-dynamic-linker] ==> ignore
    arg [/lib64/ld-linux-x86-64.so.2] ==> ignore
    arg [-pie] ==> ignore
    arg [-znow] ==> ignore
    arg [-zrelro] ==> ignore
    arg [-o] ==> ignore
    arg [cmTC_88f4a] ==> ignore
    arg [/usr/lib/gcc/x86_64-linux-gnu/7/../../../x86_64-linux-gnu/Scrt1.o] ==> ignore
    arg [/usr/lib/gcc/x86_64-linux-gnu/7/../../../x86_64-linux-gnu/crti.o] ==> ignore
    arg [/usr/lib/gcc/x86_64-linux-gnu/7/crtbeginS.o] ==> ignore
    arg [-L/usr/lib/gcc/x86_64-linux-gnu/7] ==> dir [/usr/lib/gcc/x86_64-linux-gnu/7]
    arg [-L/usr/lib/gcc/x86_64-linux-gnu/7/../../../x86_64-linux-gnu] ==> dir [/usr/lib/gcc/x86_64-linux-gnu/7/../../../x86_64-linux-gnu]
    arg [-L/usr/lib/gcc/x86_64-linux-gnu/7/../../../../lib] ==> dir [/usr/lib/gcc/x86_64-linux-gnu/7/../../../../lib]
    arg [-L/lib/x86_64-linux-gnu] ==> dir [/lib/x86_64-linux-gnu]
    arg [-L/lib/../lib] ==> dir [/lib/../lib]
    arg [-L/usr/lib/x86_64-linux-gnu] ==> dir [/usr/lib/x86_64-linux-gnu]
    arg [-L/usr/lib/../lib] ==> dir [/usr/lib/../lib]
    arg [-L/usr/lib/gcc/x86_64-linux-gnu/7/../../..] ==> dir [/usr/lib/gcc/x86_64-linux-gnu/7/../../..]
    arg [CMakeFiles/cmTC_88f4a.dir/CMakeCXXCompilerABI.cpp.o] ==> ignore
    arg [-lstdc++] ==> lib [stdc++]
    arg [-lm] ==> lib [m]
    arg [-lgcc_s] ==> lib [gcc_s]
    arg [-lgcc] ==> lib [gcc]
    arg [-lc] ==> lib [c]
    arg [-lgcc_s] ==> lib [gcc_s]
    arg [-lgcc] ==> lib [gcc]
    arg [/usr/lib/gcc/x86_64-linux-gnu/7/crtendS.o] ==> ignore
    arg [/usr/lib/gcc/x86_64-linux-gnu/7/../../../x86_64-linux-gnu/crtn.o] ==> ignore
  collapse library dir [/usr/lib/gcc/x86_64-linux-gnu/7] ==> [/usr/lib/gcc/x86_64-linux-gnu/7]
  collapse library dir [/usr/lib/gcc/x86_64-linux-gnu/7/../../../x86_64-linux-gnu] ==> [/usr/lib/x86_64-linux-gnu]
  collapse library dir [/usr/lib/gcc/x86_64-linux-gnu/7/../../../../lib] ==> [/usr/lib]
  collapse library dir [/lib/x86_64-linux-gnu] ==> [/lib/x86_64-linux-gnu]
  collapse library dir [/lib/../lib] ==> [/lib]
  collapse library dir [/usr/lib/x86_64-linux-gnu] ==> [/usr/lib/x86_64-linux-gnu]
  collapse library dir [/usr/lib/../lib] ==> [/usr/lib]
  collapse library dir [/usr/lib/gcc/x86_64-linux-gnu/7/../../..] ==> [/usr/lib]
  implicit libs: [stdc++;m;gcc_s;gcc;c;gcc_s;gcc]
  implicit dirs: [/usr/lib/gcc/x86_64-linux-gnu/7;/usr/lib/x86_64-linux-gnu;/usr/lib;/lib/x86_64-linux-gnu;/lib]
  implicit fwks: []




Detecting CXX [-std=c++1z] compiler features compiled with the following output:
Change Dir: /home/wyf/Desktop/wyf_vs/leveldb/CMakeFiles/CMakeTmp

Run Build Command:"/usr/bin/make" "cmTC_e2e3f/fast"
/usr/bin/make -f CMakeFiles/cmTC_e2e3f.dir/build.make CMakeFiles/cmTC_e2e3f.dir/build
make[1]: 进入目录“/home/wyf/Desktop/wyf_vs/leveldb/CMakeFiles/CMakeTmp”
Building CXX object CMakeFiles/cmTC_e2e3f.dir/feature_tests.cxx.o
/usr/bin/c++    -std=c++1z -o CMakeFiles/cmTC_e2e3f.dir/feature_tests.cxx.o -c /home/wyf/Desktop/wyf_vs/leveldb/CMakeFiles/feature_tests.cxx
Linking CXX executable cmTC_e2e3f
/usr/bin/cmake -E cmake_link_script CMakeFiles/cmTC_e2e3f.dir/link.txt --verbose=1
/usr/bin/c++       CMakeFiles/cmTC_e2e3f.dir/feature_tests.cxx.o  -o cmTC_e2e3f 
make[1]: 离开目录“/home/wyf/Desktop/wyf_vs/leveldb/CMakeFiles/CMakeTmp”


    Feature record: CXX_FEATURE:1cxx_aggregate_default_initializers
    Feature record: CXX_FEATURE:1cxx_alias_templates
    Feature record: CXX_FEATURE:1cxx_alignas
    Feature record: CXX_FEATURE:1cxx_alignof
    Feature record: CXX_FEATURE:1cxx_attributes
    Feature record: CXX_FEATURE:1cxx_attribute_deprecated
    Feature record: CXX_FEATURE:1cxx_auto_type
    Feature record: CXX_FEATURE:1cxx_binary_literals
    Feature record: CXX_FEATURE:1cxx_constexpr
    Feature record: CXX_FEATURE:1cxx_contextual_conversions
    Feature record: CXX_FEATURE:1cxx_decltype
    Feature record: CXX_FEATURE:1cxx_decltype_auto
    Feature record: CXX_FEATURE:1cxx_decltype_incomplete_return_types
    Feature record: CXX_FEATURE:1cxx_default_function_template_args
    Feature record: CXX_FEATURE:1cxx_defaulted_functions
    Feature record: CXX_FEATURE:1cxx_defaulted_move_initializers
    Feature record: CXX_FEATURE:1cxx_delegating_constructors
    Feature record: CXX_FEATURE:1cxx_deleted_functions
    Feature record: CXX_FEATURE:1cxx_digit_separators
    Feature record: CXX_FEATURE:1cxx_enum_forward_declarations
    Feature record: CXX_FEATURE:1cxx_explicit_conversions
    Feature record: CXX_FEATURE:1cxx_extended_friend_declarations
    Feature record: CXX_FEATURE:1cxx_extern_templates
    Feature record: CXX_FEATURE:1cxx_final
    Feature record: CXX_FEATURE:1cxx_func_identifier
    Feature record: CXX_FEATURE:1cxx_generalized_initializers
    Feature record: CXX_FEATURE:1cxx_generic_lambdas
    Feature record: CXX_FEATURE:1cxx_inheriting_constructors
    Feature record: CXX_FEATURE:1cxx_inline_namespaces
    Feature record: CXX_FEATURE:1cxx_lambdas
    Feature record: CXX_FEATURE:1cxx_lambda_init_captures
    Feature record: CXX_FEATURE:1cxx_local_type_template_args
    Feature record: CXX_FEATURE:1cxx_long_long_type
    Feature record: CXX_FEATURE:1cxx_noexcept
    Feature record: CXX_FEATURE:1cxx_nonstatic_member_init
    Feature record: CXX_FEATURE:1cxx_nullptr
    Feature record: CXX_FEATURE:1cxx_override
    Feature record: CXX_FEATURE:1cxx_range_for
    Feature record: CXX_FEATURE:1cxx_raw_string_literals
    Feature record: CXX_FEATURE:1cxx_reference_qualified_functions
    Feature record: CXX_FEATURE:1cxx_relaxed_constexpr
    Feature record: CXX_FEATURE:1cxx_return_type_deduction
    Feature record: CXX_FEATURE:1cxx_right_angle_brackets
    Feature record: CXX_FEATURE:1cxx_rvalue_references
    Feature record: CXX_FEATURE:1cxx_sizeof_member
    Feature record: CXX_FEATURE:1cxx_static_assert
    Feature record: CXX_FEATURE:1cxx_strong_enums
    Feature record: CXX_FEATURE:1cxx_template_template_parameters
    Feature record: CXX_FEATURE:1cxx_thread_local
    Feature record: CXX_FEATURE:1cxx_trailing_return_types
    Feature record: CXX_FEATURE:1cxx_unicode_literals
    Feature record: CXX_FEATURE:1cxx_uniform_initialization
    Feature record: CXX_FEATURE:1cxx_unrestricted_unions
    Feature record: CXX_FEATURE:1cxx_user_literals
    Feature record: CXX_FEATURE:1cxx_variable_templates
    Feature record: CXX_FEATURE:1cxx_variadic_macros
    Feature record: CXX_FEATURE:1cxx_variadic_templates


Detecting CXX [-std=c++14] compiler features compiled with the following output:
Change Dir: /home/wyf/Desktop/wyf_vs/leveldb/CMakeFiles/CMakeTmp

Run Build Command:"/usr/bin/make" "cmTC_d1b6b/fast"
/usr/bin/make -f CMakeFiles/cmTC_d1b6b.dir/build.make CMakeFiles/cmTC_d1b6b.dir/build
make[1]: 进入目录“/home/wyf/Desktop/wyf_vs/leveldb/CMakeFiles/CMakeTmp”
Building CXX object CMakeFiles/cmTC_d1b6b.dir/feature_tests.cxx.o
/usr/bin/c++    -std=c++14 -o CMakeFiles/cmTC_d1b6b.dir/feature_tests.cxx.o -c /home/wyf/Desktop/wyf_vs/leveldb/CMakeFiles/feature_tests.cxx
Linking CXX executable cmTC_d1b6b
/usr/bin/cmake -E cmake_link_script CMakeFiles/cmTC_d1b6b.dir/link.txt --verbose=1
/usr/bin/c++       CMakeFiles/cmTC_d1b6b.dir/feature_tests.cxx.o  -o cmTC_d1b6b 
make[1]: 离开目录“/home/wyf/Desktop/wyf_vs/leveldb/CMakeFiles/CMakeTmp”


    Feature record: CXX_FEATURE:1cxx_aggregate_default_initializers
    Feature record: CXX_FEATURE:1cxx_alias_templates
    Feature record: CXX_FEATURE:1cxx_alignas
    Feature record: CXX_FEATURE:1cxx_alignof
    Feature record: CXX_FEATURE:1cxx_attributes
    Feature record: CXX_FEATURE:1cxx_attribute_deprecated
    Feature record: CXX_FEATURE:1cxx_auto_type
    Feature record: CXX_FEATURE:1cxx_binary_literals
    Feature record: CXX_FEATURE:1cxx_constexpr
    Feature record: CXX_FEATURE:1cxx_contextual_conversions
    Feature record: CXX_FEATURE:1cxx_decltype
    Feature record: CXX_FEATURE:1cxx_decltype_auto
    Feature record: CXX_FEATURE:1cxx_decltype_incomplete_return_types
    Feature record: CXX_FEATURE:1cxx_default_function_template_args
    Feature record: CXX_FEATURE:1cxx_defaulted_functions
    Feature record: CXX_FEATURE:1cxx_defaulted_move_initializers
    Feature record: CXX_FEATURE:1cxx_delegating_constructors
    Feature record: CXX_FEATURE:1cxx_deleted_functions
    Feature record: CXX_FEATURE:1cxx_digit_separators
    Feature record: CXX_FEATURE:1cxx_enum_forward_declarations
    Feature record: CXX_FEATURE:1cxx_explicit_conversions
    Feature record: CXX_FEATURE:1cxx_extended_friend_declarations
    Feature record: CXX_FEATURE:1cxx_extern_templates
    Feature record: CXX_FEATURE:1cxx_final
    Feature record: CXX_FEATURE:1cxx_func_identifier
    Feature record: CXX_FEATURE:1cxx_generalized_initializers
    Feature record: CXX_FEATURE:1cxx_generic_lambdas
    Feature record: CXX_FEATURE:1cxx_inheriting_constructors
    Feature record: CXX_FEATURE:1cxx_inline_namespaces
    Feature record: CXX_FEATURE:1cxx_lambdas
    Feature record: CXX_FEATURE:1cxx_lambda_init_captures
    Feature record: CXX_FEATURE:1cxx_local_type_template_args
    Feature record: CXX_FEATURE:1cxx_long_long_type
    Feature record: CXX_FEATURE:1cxx_noexcept
    Feature record: CXX_FEATURE:1cxx_nonstatic_member_init
    Feature record: CXX_FEATURE:1cxx_nullptr
    Feature record: CXX_FEATURE:1cxx_override
    Feature record: CXX_FEATURE:1cxx_range_for
    Feature record: CXX_FEATURE:1cxx_raw_string_literals
    Feature record: CXX_FEATURE:1cxx_reference_qualified_functions
    Feature record: CXX_FEATURE:1cxx_relaxed_constexpr
    Feature record: CXX_FEATURE:1cxx_return_type_deduction
    Feature record: CXX_FEATURE:1cxx_right_angle_brackets
    Feature record: CXX_FEATURE:1cxx_rvalue_references
    Feature record: CXX_FEATURE:1cxx_sizeof_member
    Feature record: CXX_FEATURE:1cxx_static_assert
    Feature record: CXX_FEATURE:1cxx_strong_enums
    Feature record: CXX_FEATURE:1cxx_template_template_parameters
    Feature record: CXX_FEATURE:1cxx_thread_local
    Feature record: CXX_FEATURE:1cxx_trailing_return_types
    Feature record: CXX_FEATURE:1cxx_unicode_literals
    Feature record: CXX_FEATURE:1cxx_uniform_initialization
    Feature record: CXX_FEATURE:1cxx_unrestricted_unions
    Feature record: CXX_FEATURE:1cxx_user_literals
    Feature record: CXX_FEATURE:1cxx_variable_templates
    Feature record: CXX_FEATURE:1cxx_variadic_macros
    Feature record: CXX_FEATURE:1cxx_variadic_templates


Detecting CXX [-std=c++11] compiler features compiled with the following output:
Change Dir: /home/wyf/Desktop/wyf_vs/leveldb/CMakeFiles/CMakeTmp

Run Build Command:"/usr/bin/make" "cmTC_9bace/fast"
/usr/bin/make -f CMakeFiles/cmTC_9bace.dir/build.make CMakeFiles/cmTC_9bace.dir/build
make[1]: 进入目录“/home/wyf/Desktop/wyf_vs/leveldb/CMakeFiles/CMakeTmp”
Building CXX object CMakeFiles/cmTC_9bace.dir/feature_tests.cxx.o
/usr/bin/c++    -std=c++11 -o CMakeFiles/cmTC_9bace.dir/feature_tests.cxx.o -c /home/wyf/Desktop/wyf_vs/leveldb/CMakeFiles/feature_tests.cxx
Linking CXX executable cmTC_9bace
/usr/bin/cmake -E cmake_link_script CMakeFiles/cmTC_9bace.dir/link.txt --verbose=1
/usr/bin/c++       CMakeFiles/cmTC_9bace.dir/feature_tests.cxx.o  -o cmTC_9bace 
make[1]: 离开目录“/home/wyf/Desktop/wyf_vs/leveldb/CMakeFiles/CMakeTmp”


    Feature record: CXX_FEATURE:0cxx_aggregate_default_initializers
    Feature record: CXX_FEATURE:1cxx_alias_templates
    Feature record: CXX_FEATURE:1cxx_alignas
    Feature record: CXX_FEATURE:1cxx_alignof
    Feature record: CXX_FEATURE:1cxx_attributes
    Feature record: CXX_FEATURE:0cxx_attribute_deprecated
    Feature record: CXX_FEATURE:1cxx_auto_type
    Feature record: CXX_FEATURE:0cxx_binary_literals
    Feature record: CXX_FEATURE:1cxx_constexpr
    Feature record: CXX_FEATURE:0cxx_contextual_conversions
    Feature record: CXX_FEATURE:1cxx_decltype
    Feature record: CXX_FEATURE:0cxx_decltype_auto
    Feature record: CXX_FEATURE:1cxx_decltype_incomplete_return_types
    Feature record: CXX_FEATURE:1cxx_default_function_template_args
    Feature record: CXX_FEATURE:1cxx_defaulted_functions
    Feature record: CXX_FEATURE:1cxx_defaulted_move_initializers
    Feature record: CXX_FEATURE:1cxx_delegating_constructors
    Feature record: CXX_FEATURE:1cxx_deleted_functions
    Feature record: CXX_FEATURE:0cxx_digit_separators
    Feature record: CXX_FEATURE:1cxx_enum_forward_declarations
    Feature record: CXX_FEATURE:1cxx_explicit_conversions
    Feature record: CXX_FEATURE:1cxx_extended_friend_declarations
    Feature record: CXX_FEATURE:1cxx_extern_templates
    Feature record: CXX_FEATURE:1cxx_final
    Feature record: CXX_FEATURE:1cxx_func_identifier
    Feature record: CXX_FEATURE:1cxx_generalized_initializers
    Feature record: CXX_FEATURE:0cxx_generic_lambdas
    Feature record: CXX_FEATURE:1cxx_inheriting_constructors
    Feature record: CXX_FEATURE:1cxx_inline_namespaces
    Feature record: CXX_FEATURE:1cxx_lambdas
    Feature record: CXX_FEATURE:0cxx_lambda_init_captures
    Feature record: CXX_FEATURE:1cxx_local_type_template_args
    Feature record: CXX_FEATURE:1cxx_long_long_type
    Feature record: CXX_FEATURE:1cxx_noexcept
    Feature record: CXX_FEATURE:1cxx_nonstatic_member_init
    Feature record: CXX_FEATURE:1cxx_nullptr
    Feature record: CXX_FEATURE:1cxx_override
    Feature record: CXX_FEATURE:1cxx_range_for
    Feature record: CXX_FEATURE:1cxx_raw_string_literals
    Feature record: CXX_FEATURE:1cxx_reference_qualified_functions
    Feature record: CXX_FEATURE:0cxx_relaxed_constexpr
    Feature record: CXX_FEATURE:0cxx_return_type_deduction
    Feature record: CXX_FEATURE:1cxx_right_angle_brackets
    Feature record: CXX_FEATURE:1cxx_rvalue_references
    Feature record: CXX_FEATURE:1cxx_sizeof_member
    Feature record: CXX_FEATURE:1cxx_static_assert
    Feature record: CXX_FEATURE:1cxx_strong_enums
    Feature record: CXX_FEATURE:1cxx_template_template_parameters
    Feature record: CXX_FEATURE:1cxx_thread_local
    Feature record: CXX_FEATURE:1cxx_trailing_return_types
    Feature record: CXX_FEATURE:1cxx_unicode_literals
    Feature record: CXX_FEATURE:1cxx_uniform_initialization
    Feature record: CXX_FEATURE:1cxx_unrestricted_unions
    Feature record: CXX_FEATURE:1cxx_user_literals
    Feature record: CXX_FEATURE:0cxx_variable_templates
    Feature record: CXX_FEATURE:1cxx_variadic_macros
    Feature record: CXX_FEATURE:1cxx_variadic_templates


Detecting CXX [-std=c++98] compiler features compiled with the following output:
Change Dir: /home/wyf/Desktop/wyf_vs/leveldb/CMakeFiles/CMakeTmp

Run Build Command:"/usr/bin/make" "cmTC_0569d/fast"
/usr/bin/make -f CMakeFiles/cmTC_0569d.dir/build.make CMakeFiles/cmTC_0569d.dir/build
make[1]: 进入目录“/home/wyf/Desktop/wyf_vs/leveldb/CMakeFiles/CMakeTmp”
Building CXX object CMakeFiles/cmTC_0569d.dir/feature_tests.cxx.o
/usr/bin/c++    -std=c++98 -o CMakeFiles/cmTC_0569d.dir/feature_tests.cxx.o -c /home/wyf/Desktop/wyf_vs/leveldb/CMakeFiles/feature_tests.cxx
Linking CXX executable cmTC_0569d
/usr/bin/cmake -E cmake_link_script CMakeFiles/cmTC_0569d.dir/link.txt --verbose=1
/usr/bin/c++       CMakeFiles/cmTC_0569d.dir/feature_tests.cxx.o  -o cmTC_0569d 
make[1]: 离开目录“/home/wyf/Desktop/wyf_vs/leveldb/CMakeFiles/CMakeTmp”


    Feature record: CXX_FEATURE:0cxx_aggregate_default_initializers
    Feature record: CXX_FEATURE:0cxx_alias_templates
    Feature record: CXX_FEATURE:0cxx_alignas
    Feature record: CXX_FEATURE:0cxx_alignof
    Feature record: CXX_FEATURE:0cxx_attributes
    Feature record: CXX_FEATURE:0cxx_attribute_deprecated
    Feature record: CXX_FEATURE:0cxx_auto_type
    Feature record: CXX_FEATURE:0cxx_binary_literals
    Feature record: CXX_FEATURE:0cxx_constexpr
    Feature record: CXX_FEATURE:0cxx_contextual_conversions
    Feature record: CXX_FEATURE:0cxx_decltype
    Feature record: CXX_FEATURE:0cxx_decltype_auto
    Feature record: CXX_FEATURE:0cxx_decltype_incomplete_return_types
    Feature record: CXX_FEATURE:0cxx_default_function_template_args
    Feature record: CXX_FEATURE:0cxx_defaulted_functions
    Feature record: CXX_FEATURE:0cxx_defaulted_move_initializers
    Feature record: CXX_FEATURE:0cxx_delegating_constructors
    Feature record: CXX_FEATURE:0cxx_deleted_functions
    Feature record: CXX_FEATURE:0cxx_digit_separators
    Feature record: CXX_FEATURE:0cxx_enum_forward_declarations
    Feature record: CXX_FEATURE:0cxx_explicit_conversions
    Feature record: CXX_FEATURE:0cxx_extended_friend_declarations
    Feature record: CXX_FEATURE:0cxx_extern_templates
    Feature record: CXX_FEATURE:0cxx_final
    Feature record: CXX_FEATURE:0cxx_func_identifier
    Feature record: CXX_FEATURE:0cxx_generalized_initializers
    Feature record: CXX_FEATURE:0cxx_generic_lambdas
    Feature record: CXX_FEATURE:0cxx_inheriting_constructors
    Feature record: CXX_FEATURE:0cxx_inline_namespaces
    Feature record: CXX_FEATURE:0cxx_lambdas
    Feature record: CXX_FEATURE:0cxx_lambda_init_captures
    Feature record: CXX_FEATURE:0cxx_local_type_template_args
    Feature record: CXX_FEATURE:0cxx_long_long_type
    Feature record: CXX_FEATURE:0cxx_noexcept
    Feature record: CXX_FEATURE:0cxx_nonstatic_member_init
    Feature record: CXX_FEATURE:0cxx_nullptr
    Feature record: CXX_FEATURE:0cxx_override
    Feature record: CXX_FEATURE:0cxx_range_for
    Feature record: CXX_FEATURE:0cxx_raw_string_literals
    Feature record: CXX_FEATURE:0cxx_reference_qualified_functions
    Feature record: CXX_FEATURE:0cxx_relaxed_constexpr
    Feature record: CXX_FEATURE:0cxx_return_type_deduction
    Feature record: CXX_FEATURE:0cxx_right_angle_brackets
    Feature record: CXX_FEATURE:0cxx_rvalue_references
    Feature record: CXX_FEATURE:0cxx_sizeof_member
    Feature record: CXX_FEATURE:0cxx_static_assert
    Feature record: CXX_FEATURE:0cxx_strong_enums
    Feature record: CXX_FEATURE:1cxx_template_template_parameters
    Feature record: CXX_FEATURE:0cxx_thread_local
    Feature record: CXX_FEATURE:0cxx_trailing_return_types
    Feature record: CXX_FEATURE:0cxx_unicode_literals
    Feature record: CXX_FEATURE:0cxx_uniform_initialization
    Feature record: CXX_FEATURE:0cxx_unrestricted_unions
    Feature record: CXX_FEATURE:0cxx_user_literals
    Feature record: CXX_FEATURE:0cxx_variable_templates
    Feature record: CXX_FEATURE:0cxx_variadic_macros
    Feature record: CXX_FEATURE:0cxx_variadic_templates
Determining if the include file unistd.h exists passed with the following output:
Change Dir: /home/wyf/Desktop/wyf_vs/leveldb/CMakeFiles/CMakeTmp

Run Build Command:"/usr/bin/make" "cmTC_044d0/fast"
/usr/bin/make -f CMakeFiles/cmTC_044d0.dir/build.make CMakeFiles/cmTC_044d0.dir/build
make[1]: 进入目录“/home/wyf/Desktop/wyf_vs/leveldb/CMakeFiles/CMakeTmp”
Building C object CMakeFiles/cmTC_044d0.dir/CheckIncludeFile.c.o
/usr/bin/cc   -std=c11 -o CMakeFiles/cmTC_044d0.dir/CheckIncludeFile.c.o   -c /home/wyf/Desktop/wyf_vs/leveldb/CMakeFiles/CMakeTmp/CheckIncludeFile.c
Linking C executable cmTC_044d0
/usr/bin/cmake -E cmake_link_script CMakeFiles/cmTC_044d0.dir/link.txt --verbose=1
/usr/bin/cc      CMakeFiles/cmTC_044d0.dir/CheckIncludeFile.c.o  -o cmTC_044d0 
make[1]: 离开目录“/home/wyf/Desktop/wyf_vs/leveldb/CMakeFiles/CMakeTmp”


Determining if the function snappy_compress exists in the snappy passed with the following output:
Change Dir: /home/wyf/Desktop/wyf_vs/leveldb/CMakeFiles/CMakeTmp

Run Build Command:"/usr/bin/make" "cmTC_38c68/fast"
/usr/bin/make -f CMakeFiles/cmTC_38c68.dir/build.make CMakeFiles/cmTC_38c68.dir/build
make[1]: 进入目录“/home/wyf/Desktop/wyf_vs/leveldb/CMakeFiles/CMakeTmp”
Building C object CMakeFiles/cmTC_38c68.dir/CheckFunctionExists.c.o
/usr/bin/cc   -DCHECK_FUNCTION_EXISTS=snappy_compress   -std=c11 -o CMakeFiles/cmTC_38c68.dir/CheckFunctionExists.c.o   -c /usr/share/cmake-3.10/Modules/CheckFunctionExists.c
Linking C executable cmTC_38c68
/usr/bin/cmake -E cmake_link_script CMakeFiles/cmTC_38c68.dir/link.txt --verbose=1
/usr/bin/cc  -DCHECK_FUNCTION_EXISTS=snappy_compress    CMakeFiles/cmTC_38c68.dir/CheckFunctionExists.c.o  -o cmTC_38c68 -lsnappy 
make[1]: 离开目录“/home/wyf/Desktop/wyf_vs/leveldb/CMakeFiles/CMakeTmp”


Determining if the fdatasync exist passed with the following output:
Change Dir: /home/wyf/Desktop/wyf_vs/leveldb/CMakeFiles/CMakeTmp

Run Build Command:"/usr/bin/make" "cmTC_56231/fast"
/usr/bin/make -f CMakeFiles/cmTC_56231.dir/build.make CMakeFiles/cmTC_56231.dir/build
make[1]: 进入目录“/home/wyf/Desktop/wyf_vs/leveldb/CMakeFiles/CMakeTmp”
Building CXX object CMakeFiles/cmTC_56231.dir/CheckSymbolExists.cxx.o
/usr/bin/c++    -std=c++11 -o CMakeFiles/cmTC_56231.dir/CheckSymbolExists.cxx.o -c /home/wyf/Desktop/wyf_vs/leveldb/CMakeFiles/CMakeTmp/CheckSymbolExists.cxx
Linking CXX executable cmTC_56231
/usr/bin/cmake -E cmake_link_script CMakeFiles/cmTC_56231.dir/link.txt --verbose=1
/usr/bin/c++       CMakeFiles/cmTC_56231.dir/CheckSymbolExists.cxx.o  -o cmTC_56231 
make[1]: 离开目录“/home/wyf/Desktop/wyf_vs/leveldb/CMakeFiles/CMakeTmp”

File /home/wyf/Desktop/wyf_vs/leveldb/CMakeFiles/CMakeTmp/CheckSymbolExists.cxx:
/* */
#include <unistd.h>

int main(int argc, char** argv)
{
  (void)argv;
#ifndef fdatasync
  return ((int*)(&fdatasync))[argc];
#else
  (void)argc;
  return 0;
#endif
}

Determining if the O_CLOEXEC exist passed with the following output:
Change Dir: /home/wyf/Desktop/wyf_vs/leveldb/CMakeFiles/CMakeTmp

Run Build Command:"/usr/bin/make" "cmTC_4682c/fast"
/usr/bin/make -f CMakeFiles/cmTC_4682c.dir/build.make CMakeFiles/cmTC_4682c.dir/build
make[1]: 进入目录“/home/wyf/Desktop/wyf_vs/leveldb/CMakeFiles/CMakeTmp”
Building CXX object CMakeFiles/cmTC_4682c.dir/CheckSymbolExists.cxx.o
/usr/bin/c++    -std=c++11 -o CMakeFiles/cmTC_4682c.dir/CheckSymbolExists.cxx.o -c /home/wyf/Desktop/wyf_vs/leveldb/CMakeFiles/CMakeTmp/CheckSymbolExists.cxx
Linking CXX executable cmTC_4682c
/usr/bin/cmake -E cmake_link_script CMakeFiles/cmTC_4682c.dir/link.txt --verbose=1
/usr/bin/c++       CMakeFiles/cmTC_4682c.dir/CheckSymbolExists.cxx.o  -o cmTC_4682c 
make[1]: 离开目录“/home/wyf/Desktop/wyf_vs/leveldb/CMakeFiles/CMakeTmp”

File /home/wyf/Desktop/wyf_vs/leveldb/CMakeFiles/CMakeTmp/CheckSymbolExists.cxx:
/* */
#include <fcntl.h>

int main(int argc, char** argv)
{
  (void)argv;
#ifndef O_CLOEXEC
  return ((int*)(&O_CLOEXEC))[argc];
#else
  (void)argc;
  return 0;
#endif
}

Performing C++ SOURCE FILE Test LEVELDB_HAVE_NO_MISSING_FIELD_INITIALIZERS succeeded with the following output:
Change Dir: /home/wyf/Desktop/wyf_vs/leveldb/CMakeFiles/CMakeTmp

Run Build Command:"/usr/bin/make" "cmTC_92f5c/fast"
/usr/bin/make -f CMakeFiles/cmTC_92f5c.dir/build.make CMakeFiles/cmTC_92f5c.dir/build
make[1]: Entering directory '/home/wyf/Desktop/wyf_vs/leveldb/CMakeFiles/CMakeTmp'
Building CXX object CMakeFiles/cmTC_92f5c.dir/src.cxx.o
/usr/bin/c++    -fno-exceptions -fno-rtti -DLEVELDB_HAVE_NO_MISSING_FIELD_INITIALIZERS   -Wno-missing-field-initializers -std=c++11 -o CMakeFiles/cmTC_92f5c.dir/src.cxx.o -c /home/wyf/Desktop/wyf_vs/leveldb/CMakeFiles/CMakeTmp/src.cxx
Linking CXX executable cmTC_92f5c
/usr/bin/cmake -E cmake_link_script CMakeFiles/cmTC_92f5c.dir/link.txt --verbose=1
/usr/bin/c++   -fno-exceptions -fno-rtti -DLEVELDB_HAVE_NO_MISSING_FIELD_INITIALIZERS    CMakeFiles/cmTC_92f5c.dir/src.cxx.o  -o cmTC_92f5c 
make[1]: Leaving directory '/home/wyf/Desktop/wyf_vs/leveldb/CMakeFiles/CMakeTmp'

Source file was:
int main() { return 0; }
Performing C++ SOURCE FILE Test HAVE_CXX17_HAS_INCLUDE succeeded with the following output:
Change Dir: /home/wyf/Desktop/wyf_vs/leveldb/CMakeFiles/CMakeTmp

Run Build Command:"/usr/bin/make" "cmTC_424b7/fast"
/usr/bin/make -f CMakeFiles/cmTC_424b7.dir/build.make CMakeFiles/cmTC_424b7.dir/build
make[1]: 进入目录“/home/wyf/Desktop/wyf_vs/leveldb/CMakeFiles/CMakeTmp”
Building CXX object CMakeFiles/cmTC_424b7.dir/src.cxx.o
/usr/bin/c++    -fno-exceptions -fno-rtti -DHAVE_CXX17_HAS_INCLUDE   -std=c++11 -o CMakeFiles/cmTC_424b7.dir/src.cxx.o -c /home/wyf/Desktop/wyf_vs/leveldb/CMakeFiles/CMakeTmp/src.cxx
Linking CXX executable cmTC_424b7
/usr/bin/cmake -E cmake_link_script CMakeFiles/cmTC_424b7.dir/link.txt --verbose=1
/usr/bin/c++   -fno-exceptions -fno-rtti -DHAVE_CXX17_HAS_INCLUDE    CMakeFiles/cmTC_424b7.dir/src.cxx.o  -o cmTC_424b7 
make[1]: 离开目录“/home/wyf/Desktop/wyf_vs/leveldb/CMakeFiles/CMakeTmp”

Source file was:

#if defined(__has_include) &&  __has_include(<string>)
#include <string>
#endif
int main() { std::string str; return 0; }

Determining if the include file pthread.h exists passed with the following output:
Change Dir: /home/wyf/Desktop/wyf_vs/leveldb/CMakeFiles/CMakeTmp

Run Build Command:"/usr/bin/make" "cmTC_99275/fast"
/usr/bin/make -f CMakeFiles/cmTC_99275.dir/build.make CMakeFiles/cmTC_99275.dir/build
make[1]: 进入目录“/home/wyf/Desktop/wyf_vs/leveldb/CMakeFiles/CMakeTmp”
Building C object CMakeFiles/cmTC_99275.dir/CheckIncludeFile.c.o
/usr/bin/cc   -Wstrict-prototypes    -std=c11 -o CMakeFiles/cmTC_99275.dir/CheckIncludeFile.c.o   -c /home/wyf/Desktop/wyf_vs/leveldb/CMakeFiles/CMakeTmp/CheckIncludeFile.c
Linking C executable cmTC_99275
/usr/bin/cmake -E cmake_link_script CMakeFiles/cmTC_99275.dir/link.txt --verbose=1
/usr/bin/cc  -Wstrict-prototypes     CMakeFiles/cmTC_99275.dir/CheckIncludeFile.c.o  -o cmTC_99275 
make[1]: 离开目录“/home/wyf/Desktop/wyf_vs/leveldb/CMakeFiles/CMakeTmp”


Determining if the function pthread_create exists in the pthread passed with the following output:
Change Dir: /home/wyf/Desktop/wyf_vs/leveldb/CMakeFiles/CMakeTmp

Run Build Command:"/usr/bin/make" "cmTC_eff1b/fast"
/usr/bin/make -f CMakeFiles/cmTC_eff1b.dir/build.make CMakeFiles/cmTC_eff1b.dir/build
make[1]: 进入目录“/home/wyf/Desktop/wyf_vs/leveldb/CMakeFiles/CMakeTmp”
Building C object CMakeFiles/cmTC_eff1b.dir/CheckFunctionExists.c.o
/usr/bin/cc   -Wstrict-prototypes -DCHECK_FUNCTION_EXISTS=pthread_create   -std=c11 -o CMakeFiles/cmTC_eff1b.dir/CheckFunctionExists.c.o   -c /usr/share/cmake-3.10/Modules/CheckFunctionExists.c
Linking C executable cmTC_eff1b
/usr/bin/cmake -E cmake_link_script CMakeFiles/cmTC_eff1b.dir/link.txt --verbose=1
/usr/bin/cc  -Wstrict-prototypes -DCHECK_FUNCTION_EXISTS=pthread_create    CMakeFiles/cmTC_eff1b.dir/CheckFunctionExists.c.o  -o cmTC_eff1b -lpthread 
make[1]: 离开目录“/home/wyf/Desktop/wyf_vs/leveldb/CMakeFiles/CMakeTmp”


Performing C++ SOURCE FILE Test HAVE_CXX_FLAG_STD_CXX11 succeeded with the following output:
Change Dir: /home/wyf/Desktop/wyf_vs/leveldb/CMakeFiles/CMakeTmp

Run Build Command:"/usr/bin/make" "cmTC_0a17c/fast"
/usr/bin/make -f CMakeFiles/cmTC_0a17c.dir/build.make CMakeFiles/cmTC_0a17c.dir/build
make[1]: Entering directory '/home/wyf/Desktop/wyf_vs/leveldb/CMakeFiles/CMakeTmp'
Building CXX object CMakeFiles/cmTC_0a17c.dir/src.cxx.o
/usr/bin/c++    -fno-exceptions -fno-rtti -DHAVE_CXX_FLAG_STD_CXX11  -std=c++11   -std=c++11 -o CMakeFiles/cmTC_0a17c.dir/src.cxx.o -c /home/wyf/Desktop/wyf_vs/leveldb/CMakeFiles/CMakeTmp/src.cxx
Linking CXX executable cmTC_0a17c
/usr/bin/cmake -E cmake_link_script CMakeFiles/cmTC_0a17c.dir/link.txt --verbose=1
/usr/bin/c++   -fno-exceptions -fno-rtti -DHAVE_CXX_FLAG_STD_CXX11  -std=c++11    CMakeFiles/cmTC_0a17c.dir/src.cxx.o  -o cmTC_0a17c 
make[1]: Leaving directory '/home/wyf/Desktop/wyf_vs/leveldb/CMakeFiles/CMakeTmp'

Source file was:
int main() { return 0; }
Performing C++ SOURCE FILE Test HAVE_CXX_FLAG_WALL succeeded with the following output:
Change Dir: /home/wyf/Desktop/wyf_vs/leveldb/CMakeFiles/CMakeTmp

Run Build Command:"/usr/bin/make" "cmTC_33cd5/fast"
/usr/bin/make -f CMakeFiles/cmTC_33cd5.dir/build.make CMakeFiles/cmTC_33cd5.dir/build
make[1]: Entering directory '/home/wyf/Desktop/wyf_vs/leveldb/CMakeFiles/CMakeTmp'
Building CXX object CMakeFiles/cmTC_33cd5.dir/src.cxx.o
/usr/bin/c++    -fno-exceptions -fno-rtti  -std=c++11 -DHAVE_CXX_FLAG_WALL  -Wall   -Wall -o CMakeFiles/cmTC_33cd5.dir/src.cxx.o -c /home/wyf/Desktop/wyf_vs/leveldb/CMakeFiles/CMakeTmp/src.cxx
Linking CXX executable cmTC_33cd5
/usr/bin/cmake -E cmake_link_script CMakeFiles/cmTC_33cd5.dir/link.txt --verbose=1
/usr/bin/c++   -fno-exceptions -fno-rtti  -std=c++11 -DHAVE_CXX_FLAG_WALL  -Wall    CMakeFiles/cmTC_33cd5.dir/src.cxx.o  -o cmTC_33cd5 
make[1]: Leaving directory '/home/wyf/Desktop/wyf_vs/leveldb/CMakeFiles/CMakeTmp'

Source file was:
int main() { return 0; }
Performing C++ SOURCE FILE Test HAVE_CXX_FLAG_WEXTRA succeeded with the following output:
Change Dir: /home/wyf/Desktop/wyf_vs/leveldb/CMakeFiles/CMakeTmp

Run Build Command:"/usr/bin/make" "cmTC_19e5f/fast"
/usr/bin/make -f CMakeFiles/cmTC_19e5f.dir/build.make CMakeFiles/cmTC_19e5f.dir/build
make[1]: Entering directory '/home/wyf/Desktop/wyf_vs/leveldb/CMakeFiles/CMakeTmp'
Building CXX object CMakeFiles/cmTC_19e5f.dir/src.cxx.o
/usr/bin/c++    -fno-exceptions -fno-rtti  -std=c++11  -Wall -DHAVE_CXX_FLAG_WEXTRA  -Wextra   -Wextra -o CMakeFiles/cmTC_19e5f.dir/src.cxx.o -c /home/wyf/Desktop/wyf_vs/leveldb/CMakeFiles/CMakeTmp/src.cxx
Linking CXX executable cmTC_19e5f
/usr/bin/cmake -E cmake_link_script CMakeFiles/cmTC_19e5f.dir/link.txt --verbose=1
/usr/bin/c++   -fno-exceptions -fno-rtti  -std=c++11  -Wall -DHAVE_CXX_FLAG_WEXTRA  -Wextra    CMakeFiles/cmTC_19e5f.dir/src.cxx.o  -o cmTC_19e5f 
make[1]: Leaving directory '/home/wyf/Desktop/wyf_vs/leveldb/CMakeFiles/CMakeTmp'

Source file was:
int main() { return 0; }
Performing C++ SOURCE FILE Test HAVE_CXX_FLAG_WSHADOW succeeded with the following output:
Change Dir: /home/wyf/Desktop/wyf_vs/leveldb/CMakeFiles/CMakeTmp

Run Build Command:"/usr/bin/make" "cmTC_9344e/fast"
/usr/bin/make -f CMakeFiles/cmTC_9344e.dir/build.make CMakeFiles/cmTC_9344e.dir/build
make[1]: Entering directory '/home/wyf/Desktop/wyf_vs/leveldb/CMakeFiles/CMakeTmp'
Building CXX object CMakeFiles/cmTC_9344e.dir/src.cxx.o
/usr/bin/c++    -fno-exceptions -fno-rtti  -std=c++11  -Wall  -Wextra -DHAVE_CXX_FLAG_WSHADOW  -Wshadow   -Wshadow -o CMakeFiles/cmTC_9344e.dir/src.cxx.o -c /home/wyf/Desktop/wyf_vs/leveldb/CMakeFiles/CMakeTmp/src.cxx
Linking CXX executable cmTC_9344e
/usr/bin/cmake -E cmake_link_script CMakeFiles/cmTC_9344e.dir/link.txt --verbose=1
/usr/bin/c++   -fno-exceptions -fno-rtti  -std=c++11  -Wall  -Wextra -DHAVE_CXX_FLAG_WSHADOW  -Wshadow    CMakeFiles/cmTC_9344e.dir/src.cxx.o  -o cmTC_9344e 
make[1]: Leaving directory '/home/wyf/Desktop/wyf_vs/leveldb/CMakeFiles/CMakeTmp'

Source file was:
int main() { return 0; }
Performing C++ SOURCE FILE Test HAVE_CXX_FLAG_WERROR succeeded with the following output:
Change Dir: /home/wyf/Desktop/wyf_vs/leveldb/CMakeFiles/CMakeTmp

Run Build Command:"/usr/bin/make" "cmTC_f7760/fast"
/usr/bin/make -f CMakeFiles/cmTC_f7760.dir/build.make CMakeFiles/cmTC_f7760.dir/build
make[1]: Entering directory '/home/wyf/Desktop/wyf_vs/leveldb/CMakeFiles/CMakeTmp'
Building CXX object CMakeFiles/cmTC_f7760.dir/src.cxx.o
/usr/bin/c++    -fno-exceptions -fno-rtti  -std=c++11  -Wall  -Wextra  -Wshadow -DHAVE_CXX_FLAG_WERROR  -Werror   -Werror -o CMakeFiles/cmTC_f7760.dir/src.cxx.o -c /home/wyf/Desktop/wyf_vs/leveldb/CMakeFiles/CMakeTmp/src.cxx
Linking CXX executable cmTC_f7760
/usr/bin/cmake -E cmake_link_script CMakeFiles/cmTC_f7760.dir/link.txt --verbose=1
/usr/bin/c++   -fno-exceptions -fno-rtti  -std=c++11  -Wall  -Wextra  -Wshadow -DHAVE_CXX_FLAG_WERROR  -Werror    CMakeFiles/cmTC_f7760.dir/src.cxx.o  -o cmTC_f7760 
make[1]: Leaving directory '/home/wyf/Desktop/wyf_vs/leveldb/CMakeFiles/CMakeTmp'

Source file was:
int main() { return 0; }
Performing C++ SOURCE FILE Test HAVE_CXX_FLAG_FSTRICT_ALIASING succeeded with the following output:
Change Dir: /home/wyf/Desktop/wyf_vs/leveldb/CMakeFiles/CMakeTmp

Run Build Command:"/usr/bin/make" "cmTC_17c2a/fast"
/usr/bin/make -f CMakeFiles/cmTC_17c2a.dir/build.make CMakeFiles/cmTC_17c2a.dir/build
make[1]: Entering directory '/home/wyf/Desktop/wyf_vs/leveldb/CMakeFiles/CMakeTmp'
Building CXX object CMakeFiles/cmTC_17c2a.dir/src.cxx.o
/usr/bin/c++    -fno-exceptions -fno-rtti  -std=c++11  -Wall  -Wextra  -Wshadow -DHAVE_CXX_FLAG_FSTRICT_ALIASING  -fstrict-aliasing   -fstrict-aliasing -o CMakeFiles/cmTC_17c2a.dir/src.cxx.o -c /home/wyf/Desktop/wyf_vs/leveldb/CMakeFiles/CMakeTmp/src.cxx
Linking CXX executable cmTC_17c2a
/usr/bin/cmake -E cmake_link_script CMakeFiles/cmTC_17c2a.dir/link.txt --verbose=1
/usr/bin/c++   -fno-exceptions -fno-rtti  -std=c++11  -Wall  -Wextra  -Wshadow -DHAVE_CXX_FLAG_FSTRICT_ALIASING  -fstrict-aliasing    CMakeFiles/cmTC_17c2a.dir/src.cxx.o  -o cmTC_17c2a 
make[1]: Leaving directory '/home/wyf/Desktop/wyf_vs/leveldb/CMakeFiles/CMakeTmp'

Source file was:
int main() { return 0; }
Performing C++ SOURCE FILE Test HAVE_CXX_FLAG_WNO_DEPRECATED_DECLARATIONS succeeded with the following output:
Change Dir: /home/wyf/Desktop/wyf_vs/leveldb/CMakeFiles/CMakeTmp

Run Build Command:"/usr/bin/make" "cmTC_f0a36/fast"
/usr/bin/make -f CMakeFiles/cmTC_f0a36.dir/build.make CMakeFiles/cmTC_f0a36.dir/build
make[1]: Entering directory '/home/wyf/Desktop/wyf_vs/leveldb/CMakeFiles/CMakeTmp'
Building CXX object CMakeFiles/cmTC_f0a36.dir/src.cxx.o
/usr/bin/c++    -fno-exceptions -fno-rtti  -std=c++11  -Wall  -Wextra  -Wshadow  -fstrict-aliasing -DHAVE_CXX_FLAG_WNO_DEPRECATED_DECLARATIONS  -Wno-deprecated-declarations   -Wno-deprecated-declarations -o CMakeFiles/cmTC_f0a36.dir/src.cxx.o -c /home/wyf/Desktop/wyf_vs/leveldb/CMakeFiles/CMakeTmp/src.cxx
Linking CXX executable cmTC_f0a36
/usr/bin/cmake -E cmake_link_script CMakeFiles/cmTC_f0a36.dir/link.txt --verbose=1
/usr/bin/c++   -fno-exceptions -fno-rtti  -std=c++11  -Wall  -Wextra  -Wshadow  -fstrict-aliasing -DHAVE_CXX_FLAG_WNO_DEPRECATED_DECLARATIONS  -Wno-deprecated-declarations    CMakeFiles/cmTC_f0a36.dir/src.cxx.o  -o cmTC_f0a36 
make[1]: Leaving directory '/home/wyf/Desktop/wyf_vs/leveldb/CMakeFiles/CMakeTmp'

Source file was:
int main() { return 0; }
Performing C++ SOURCE FILE Test HAVE_CXX_FLAG_WNO_DEPRECATED succeeded with the following output:
Change Dir: /home/wyf/Desktop/wyf_vs/leveldb/CMakeFiles/CMakeTmp

Run Build Command:"/usr/bin/make" "cmTC_c905b/fast"
/usr/bin/make -f CMakeFiles/cmTC_c905b.dir/build.make CMakeFiles/cmTC_c905b.dir/build
make[1]: Entering directory '/home/wyf/Desktop/wyf_vs/leveldb/CMakeFiles/CMakeTmp'
Building CXX object CMakeFiles/cmTC_c905b.dir/src.cxx.o
/usr/bin/c++    -fno-exceptions -fno-rtti  -std=c++11  -Wall  -Wextra  -Wshadow  -fstrict-aliasing  -Wno-deprecated-declarations -DHAVE_CXX_FLAG_WNO_DEPRECATED  -Wno-deprecated   -Wno-deprecated -o CMakeFiles/cmTC_c905b.dir/src.cxx.o -c /home/wyf/Desktop/wyf_vs/leveldb/CMakeFiles/CMakeTmp/src.cxx
Linking CXX executable cmTC_c905b
/usr/bin/cmake -E cmake_link_script CMakeFiles/cmTC_c905b.dir/link.txt --verbose=1
/usr/bin/c++   -fno-exceptions -fno-rtti  -std=c++11  -Wall  -Wextra  -Wshadow  -fstrict-aliasing  -Wno-deprecated-declarations -DHAVE_CXX_FLAG_WNO_DEPRECATED  -Wno-deprecated    CMakeFiles/cmTC_c905b.dir/src.cxx.o  -o cmTC_c905b 
make[1]: Leaving directory '/home/wyf/Desktop/wyf_vs/leveldb/CMakeFiles/CMakeTmp'

Source file was:
int main() { return 0; }
Performing C++ SOURCE FILE Test HAVE_CXX_FLAG_FNO_EXCEPTIONS succeeded with the following output:
Change Dir: /home/wyf/Desktop/wyf_vs/leveldb/CMakeFiles/CMakeTmp

Run Build Command:"/usr/bin/make" "cmTC_fc787/fast"
/usr/bin/make -f CMakeFiles/cmTC_fc787.dir/build.make CMakeFiles/cmTC_fc787.dir/build
make[1]: Entering directory '/home/wyf/Desktop/wyf_vs/leveldb/CMakeFiles/CMakeTmp'
Building CXX object CMakeFiles/cmTC_fc787.dir/src.cxx.o
/usr/bin/c++    -fno-exceptions -fno-rtti  -std=c++11  -Wall  -Wextra  -Wshadow  -fstrict-aliasing  -Wno-deprecated-declarations -DHAVE_CXX_FLAG_FNO_EXCEPTIONS  -fno-exceptions   -fno-exceptions -o CMakeFiles/cmTC_fc787.dir/src.cxx.o -c /home/wyf/Desktop/wyf_vs/leveldb/CMakeFiles/CMakeTmp/src.cxx
Linking CXX executable cmTC_fc787
/usr/bin/cmake -E cmake_link_script CMakeFiles/cmTC_fc787.dir/link.txt --verbose=1
/usr/bin/c++   -fno-exceptions -fno-rtti  -std=c++11  -Wall  -Wextra  -Wshadow  -fstrict-aliasing  -Wno-deprecated-declarations -DHAVE_CXX_FLAG_FNO_EXCEPTIONS  -fno-exceptions    CMakeFiles/cmTC_fc787.dir/src.cxx.o  -o cmTC_fc787 
make[1]: Leaving directory '/home/wyf/Desktop/wyf_vs/leveldb/CMakeFiles/CMakeTmp'

Source file was:
int main() { return 0; }
Performing C++ SOURCE FILE Test HAVE_CXX_FLAG_WSTRICT_ALIASING succeeded with the following output:
Change Dir: /home/wyf/Desktop/wyf_vs/leveldb/CMakeFiles/CMakeTmp

Run Build Command:"/usr/bin/make" "cmTC_019aa/fast"
/usr/bin/make -f CMakeFiles/cmTC_019aa.dir/build.make CMakeFiles/cmTC_019aa.dir/build
make[1]: Entering directory '/home/wyf/Desktop/wyf_vs/leveldb/CMakeFiles/CMakeTmp'
Building CXX object CMakeFiles/cmTC_019aa.dir/src.cxx.o
/usr/bin/c++    -fno-exceptions -fno-rtti  -std=c++11  -Wall  -Wextra  -Wshadow  -fstrict-aliasing  -Wno-deprecated-declarations  -fno-exceptions -DHAVE_CXX_FLAG_WSTRICT_ALIASING  -Wstrict-aliasing   -Wstrict-aliasing -o CMakeFiles/cmTC_019aa.dir/src.cxx.o -c /home/wyf/Desktop/wyf_vs/leveldb/CMakeFiles/CMakeTmp/src.cxx
Linking CXX executable cmTC_019aa
/usr/bin/cmake -E cmake_link_script CMakeFiles/cmTC_019aa.dir/link.txt --verbose=1
/usr/bin/c++   -fno-exceptions -fno-rtti  -std=c++11  -Wall  -Wextra  -Wshadow  -fstrict-aliasing  -Wno-deprecated-declarations  -fno-exceptions -DHAVE_CXX_FLAG_WSTRICT_ALIASING  -Wstrict-aliasing    CMakeFiles/cmTC_019aa.dir/src.cxx.o  -o cmTC_019aa 
make[1]: Leaving directory '/home/wyf/Desktop/wyf_vs/leveldb/CMakeFiles/CMakeTmp'

Source file was:
int main() { return 0; }
Performing C++ SOURCE FILE Test HAVE_CXX_FLAG_COVERAGE succeeded with the following output:
Change Dir: /home/wyf/Desktop/wyf_vs/leveldb/CMakeFiles/CMakeTmp

Run Build Command:"/usr/bin/make" "cmTC_8094f/fast"
/usr/bin/make -f CMakeFiles/cmTC_8094f.dir/build.make CMakeFiles/cmTC_8094f.dir/build
make[1]: Entering directory '/home/wyf/Desktop/wyf_vs/leveldb/CMakeFiles/CMakeTmp'
Building CXX object CMakeFiles/cmTC_8094f.dir/src.cxx.o
/usr/bin/c++    -fno-exceptions -fno-rtti  -std=c++11  -Wall  -Wextra  -Wshadow  -fstrict-aliasing  -Wno-deprecated-declarations  -fno-exceptions  -Wstrict-aliasing -DHAVE_CXX_FLAG_COVERAGE  --coverage   --coverage -o CMakeFiles/cmTC_8094f.dir/src.cxx.o -c /home/wyf/Desktop/wyf_vs/leveldb/CMakeFiles/CMakeTmp/src.cxx
Linking CXX executable cmTC_8094f
/usr/bin/cmake -E cmake_link_script CMakeFiles/cmTC_8094f.dir/link.txt --verbose=1
/usr/bin/c++   -fno-exceptions -fno-rtti  -std=c++11  -Wall  -Wextra  -Wshadow  -fstrict-aliasing  -Wno-deprecated-declarations  -fno-exceptions  -Wstrict-aliasing -DHAVE_CXX_FLAG_COVERAGE  --coverage    CMakeFiles/cmTC_8094f.dir/src.cxx.o  -o cmTC_8094f 
make[1]: Leaving directory '/home/wyf/Desktop/wyf_vs/leveldb/CMakeFiles/CMakeTmp'

Source file was:
int main() { return 0; }
